[  239612ms] [ERROR] ./src/app/projects/rp-20250059/gantt-demo/page.tsx:2:1
Module not found: Can't resolve '@/components/gantt/project-gantt'
  1 | import { AppShell } from "@/components/mockup/app-shell";
> 2 | import { ProjectGantt } from "@/components/gantt/project-gantt";
    | ^^^^^^^^^^^^^^^^^^^^^^^^^^^^^^^^^^^^^^^^^^^^^^^^^^^^^^^^^^^^^^^^
  3 | import { createDemoProject } from "@/lib/gantt/demo-project";
  4 |
  5 | export default function GanttDemoPage() {

Import map: aliased to relative './src/components/gantt/project-gantt' inside of [project]/

https://nextjs.org/docs/messages/module-not-found @ http://139.99.122.192:3002/_next/static/chunks/node_modules_next_dist_115brz8._.js:3272
[  239788ms] [ERROR] ./src/app/projects/rp-20250059/gantt-demo/page.tsx:2:1
Module not found: Can't resolve '@/components/gantt/project-gantt'
  1 | import { AppShell } from "@/components/mockup/app-shell";
> 2 | import { ProjectGantt } from "@/components/gantt/project-gantt";
    | ^^^^^^^^^^^^^^^^^^^^^^^^^^^^^^^^^^^^^^^^^^^^^^^^^^^^^^^^^^^^^^^^
  3 | import { createDemoProject } from "@/lib/gantt/demo-project";
  4 |
  5 | export default function GanttDemoPage() {

Import map: aliased to relative './src/components/gantt/project-gantt' inside of [project]/

https://nextjs.org/docs/messages/module-not-found @ http://139.99.122.192:3002/_next/static/chunks/node_modules_next_dist_115brz8._.js:3272
[  240397ms] [ERROR] ./src/app/projects/rp-20250059/gantt-demo/page.tsx:2:1
Module not found: Can't resolve '@/components/gantt/project-gantt'
  1 | import { AppShell } from "@/components/mockup/app-shell";
> 2 | import { ProjectGantt } from "@/components/gantt/project-gantt";
    | ^^^^^^^^^^^^^^^^^^^^^^^^^^^^^^^^^^^^^^^^^^^^^^^^^^^^^^^^^^^^^^^^
  3 | import { createDemoProject } from "@/lib/gantt/demo-project";
  4 |
  5 | export default function GanttDemoPage() {

Import map: aliased to relative './src/components/gantt/project-gantt' inside of [project]/

https://nextjs.org/docs/messages/module-not-found @ http://139.99.122.192:3002/_next/static/chunks/node_modules_next_dist_115brz8._.js:3272
[  240487ms] [ERROR] ./src/app/projects/rp-20250059/gantt-demo/page.tsx:2:1
Module not found: Can't resolve '@/components/gantt/project-gantt'
  1 | import { AppShell } from "@/components/mockup/app-shell";
> 2 | import { ProjectGantt } from "@/components/gantt/project-gantt";
    | ^^^^^^^^^^^^^^^^^^^^^^^^^^^^^^^^^^^^^^^^^^^^^^^^^^^^^^^^^^^^^^^^
  3 | import { createDemoProject } from "@/lib/gantt/demo-project";
  4 |
  5 | export default function GanttDemoPage() {

Import map: aliased to relative './src/components/gantt/project-gantt' inside of [project]/

https://nextjs.org/docs/messages/module-not-found @ http://139.99.122.192:3002/_next/static/chunks/node_modules_next_dist_115brz8._.js:3272
[  240524ms] [ERROR] Failed to load resource: the server responded with a status of 500 (Internal Server Error) @ http://139.99.122.192:3002/projects/rp-20250059/gantt-demo?_rsc=1q2am:0
[  240600ms] [ERROR] ./src/app/projects/rp-20250059/gantt-demo/page.tsx:2:1
Module not found: Can't resolve '@/components/gantt/project-gantt'
  1 | import { AppShell } from "@/components/mockup/app-shell";
> 2 | import { ProjectGantt } from "@/components/gantt/project-gantt";
    | ^^^^^^^^^^^^^^^^^^^^^^^^^^^^^^^^^^^^^^^^^^^^^^^^^^^^^^^^^^^^^^^^
  3 | import { createDemoProject } from "@/lib/gantt/demo-project";
  4 |
  5 | export default function GanttDemoPage() {

Import map: aliased to relative './src/components/gantt/project-gantt' inside of [project]/

https://nextjs.org/docs/messages/module-not-found @ http://139.99.122.192:3002/_next/static/chunks/node_modules_next_dist_115brz8._.js:3272
[  240634ms] [ERROR] ./src/app/projects/rp-20250059/gantt-demo/page.tsx:2:1
Module not found: Can't resolve '@/components/gantt/project-gantt'
  1 | import { AppShell } from "@/components/mockup/app-shell";
> 2 | import { ProjectGantt } from "@/components/gantt/project-gantt";
    | ^^^^^^^^^^^^^^^^^^^^^^^^^^^^^^^^^^^^^^^^^^^^^^^^^^^^^^^^^^^^^^^^
  3 | import { createDemoProject } from "@/lib/gantt/demo-project";
  4 |
  5 | export default function GanttDemoPage() {

Import map: aliased to relative './src/components/gantt/project-gantt' inside of [project]/

https://nextjs.org/docs/messages/module-not-found @ http://139.99.122.192:3002/_next/static/chunks/node_modules_next_dist_115brz8._.js:3272
[  241019ms] [ERROR] ./src/app/projects/rp-20250059/gantt-demo/page.tsx:2:1
Module not found: Can't resolve '@/components/gantt/project-gantt'
  1 | import { AppShell } from "@/components/mockup/app-shell";
> 2 | import { ProjectGantt } from "@/components/gantt/project-gantt";
    | ^^^^^^^^^^^^^^^^^^^^^^^^^^^^^^^^^^^^^^^^^^^^^^^^^^^^^^^^^^^^^^^^
  3 | import { createDemoProject } from "@/lib/gantt/demo-project";
  4 |
  5 | export default function GanttDemoPage() {

Import map: aliased to relative './src/components/gantt/project-gantt' inside of [project]/

https://nextjs.org/docs/messages/module-not-found @ http://139.99.122.192:3002/_next/static/chunks/node_modules_next_dist_115brz8._.js:3272
[  241020ms] [ERROR] ./src/app/projects/rp-20250059/gantt-demo/page.tsx:2:1
Module not found: Can't resolve '@/components/gantt/project-gantt'
  1 | import { AppShell } from "@/components/mockup/app-shell";
> 2 | import { ProjectGantt } from "@/components/gantt/project-gantt";
    | ^^^^^^^^^^^^^^^^^^^^^^^^^^^^^^^^^^^^^^^^^^^^^^^^^^^^^^^^^^^^^^^^
  3 | import { createDemoProject } from "@/lib/gantt/demo-project";
  4 |
  5 | export default function GanttDemoPage() {

Import map: aliased to relative './src/components/gantt/project-gantt' inside of [project]/

https://nextjs.org/docs/messages/module-not-found @ http://139.99.122.192:3002/_next/static/chunks/node_modules_next_dist_115brz8._.js:3272
[  241042ms] [ERROR] ./src/app/projects/rp-20250059/gantt-demo/page.tsx:2:1
Module not found: Can't resolve '@/components/gantt/project-gantt'
  1 | import { AppShell } from "@/components/mockup/app-shell";
> 2 | import { ProjectGantt } from "@/components/gantt/project-gantt";
    | ^^^^^^^^^^^^^^^^^^^^^^^^^^^^^^^^^^^^^^^^^^^^^^^^^^^^^^^^^^^^^^^^
  3 | import { createDemoProject } from "@/lib/gantt/demo-project";
  4 |
  5 | export default function GanttDemoPage() {

Import map: aliased to relative './src/components/gantt/project-gantt' inside of [project]/

https://nextjs.org/docs/messages/module-not-found @ http://139.99.122.192:3002/_next/static/chunks/node_modules_next_dist_115brz8._.js:3272
[  241171ms] [ERROR] ./src/app/projects/rp-20250059/gantt-demo/page.tsx:2:1
Module not found: Can't resolve '@/components/gantt/project-gantt'
  1 | import { AppShell } from "@/components/mockup/app-shell";
> 2 | import { ProjectGantt } from "@/components/gantt/project-gantt";
    | ^^^^^^^^^^^^^^^^^^^^^^^^^^^^^^^^^^^^^^^^^^^^^^^^^^^^^^^^^^^^^^^^
  3 | import { createDemoProject } from "@/lib/gantt/demo-project";
  4 |
  5 | export default function GanttDemoPage() {

Import map: aliased to relative './src/components/gantt/project-gantt' inside of [project]/

https://nextjs.org/docs/messages/module-not-found @ http://139.99.122.192:3002/_next/static/chunks/node_modules_next_dist_115brz8._.js:3272
[  241246ms] [ERROR] ./src/app/projects/rp-20250059/gantt-demo/page.tsx:2:1
Module not found: Can't resolve '@/components/gantt/project-gantt'
  1 | import { AppShell } from "@/components/mockup/app-shell";
> 2 | import { ProjectGantt } from "@/components/gantt/project-gantt";
    | ^^^^^^^^^^^^^^^^^^^^^^^^^^^^^^^^^^^^^^^^^^^^^^^^^^^^^^^^^^^^^^^^
  3 | import { createDemoProject } from "@/lib/gantt/demo-project";
  4 |
  5 | export default function GanttDemoPage() {

Import map: aliased to relative './src/components/gantt/project-gantt' inside of [project]/

https://nextjs.org/docs/messages/module-not-found @ http://139.99.122.192:3002/_next/static/chunks/node_modules_next_dist_115brz8._.js:3272
[  241341ms] [ERROR] ./src/app/projects/rp-20250059/gantt-demo/page.tsx:2:1
Module not found: Can't resolve '@/components/gantt/project-gantt'
  1 | import { AppShell } from "@/components/mockup/app-shell";
> 2 | import { ProjectGantt } from "@/components/gantt/project-gantt";
    | ^^^^^^^^^^^^^^^^^^^^^^^^^^^^^^^^^^^^^^^^^^^^^^^^^^^^^^^^^^^^^^^^
  3 | import { createDemoProject } from "@/lib/gantt/demo-project";
  4 |
  5 | export default function GanttDemoPage() {

Import map: aliased to relative './src/components/gantt/project-gantt' inside of [project]/

https://nextjs.org/docs/messages/module-not-found @ http://139.99.122.192:3002/_next/static/chunks/node_modules_next_dist_115brz8._.js:3272
[  241409ms] [ERROR] ./src/app/projects/rp-20250059/gantt-demo/page.tsx:2:1
Module not found: Can't resolve '@/components/gantt/project-gantt'
  1 | import { AppShell } from "@/components/mockup/app-shell";
> 2 | import { ProjectGantt } from "@/components/gantt/project-gantt";
    | ^^^^^^^^^^^^^^^^^^^^^^^^^^^^^^^^^^^^^^^^^^^^^^^^^^^^^^^^^^^^^^^^
  3 | import { createDemoProject } from "@/lib/gantt/demo-project";
  4 |
  5 | export default function GanttDemoPage() {

Import map: aliased to relative './src/components/gantt/project-gantt' inside of [project]/

https://nextjs.org/docs/messages/module-not-found @ http://139.99.122.192:3002/_next/static/chunks/node_modules_next_dist_115brz8._.js:3272
[  241423ms] [ERROR] Failed to load resource: the server responded with a status of 500 (Internal Server Error) @ http://139.99.122.192:3002/projects/rp-20250059/gantt-demo?_rsc=1q2am:0
[  241466ms] [ERROR] Failed to load resource: the server responded with a status of 500 (Internal Server Error) @ http://139.99.122.192:3002/projects/rp-20250059/gantt-demo:0
[  242463ms] Error: ./src/app/projects/rp-20250059/gantt-demo/page.tsx:2:1
Module not found: Can't resolve '@/components/gantt/project-gantt'
  1 | import { AppShell } from "@/components/mockup/app-shell";
> 2 | import { ProjectGantt } from "@/components/gantt/project-gantt";
    | ^^^^^^^^^^^^^^^^^^^^^^^^^^^^^^^^^^^^^^^^^^^^^^^^^^^^^^^^^^^^^^^^
  3 | import { createDemoProject } from "@/lib/gantt/demo-project";
  4 |
  5 | export default function GanttDemoPage() {

Import map: aliased to relative './src/components/gantt/project-gantt' inside of [project]/


https://nextjs.org/docs/messages/module-not-found


    at <unknown> (Error: ./src/app/projects/rp-20250059/gantt-demo/page.tsx:2:1)
    at <unknown> (https://nextjs.org/docs/messages/module-not-found)
    at Object.getCompilationErrors (file:///home/ubuntu/mockup-towngascpim/web/node_modules/next/dist/server/dev/hot-reloader-turbopack.js:1189:59)
    at DevBundlerService.getCompilationError (file:///home/ubuntu/mockup-towngascpim/web/node_modules/next/dist/server/lib/dev-bundler-service.js:44:55)
    at DevServer.getCompilationError (file:///home/ubuntu/mockup-towngascpim/web/node_modules/next/dist/server/dev/next-dev-server.js:719:42)
    at DevServer.findPageComponents (file:///home/ubuntu/mockup-towngascpim/web/node_modules/next/dist/server/dev/next-dev-server.js:689:43)
    at async DevServer.renderErrorToResponseImpl (file:///home/ubuntu/mockup-towngascpim/web/node_modules/next/dist/server/base-server.js:1745:26)
[  242466ms] [ERROR] ./src/app/projects/rp-20250059/gantt-demo/page.tsx:2:1
Module not found: Can't resolve '@/components/gantt/project-gantt'
  1 | import { AppShell } from "@/components/mockup/app-shell";
> 2 | import { ProjectGantt } from "@/components/gantt/project-gantt";
    | ^^^^^^^^^^^^^^^^^^^^^^^^^^^^^^^^^^^^^^^^^^^^^^^^^^^^^^^^^^^^^^^^
  3 | import { createDemoProject } from "@/lib/gantt/demo-project";
  4 |
  5 | export default function GanttDemoPage() {

Import map: aliased to relative './src/components/gantt/project-gantt' inside of [project]/

https://nextjs.org/docs/messages/module-not-found @ http://139.99.122.192:3002/_next/static/chunks/node_modules_next_dist_0u_w_5s._.js:1945
[  242552ms] [ERROR] ./src/app/projects/rp-20250059/gantt-demo/page.tsx:2:1
Module not found: Can't resolve '@/components/gantt/project-gantt'
  1 | import { AppShell } from "@/components/mockup/app-shell";
> 2 | import { ProjectGantt } from "@/components/gantt/project-gantt";
    | ^^^^^^^^^^^^^^^^^^^^^^^^^^^^^^^^^^^^^^^^^^^^^^^^^^^^^^^^^^^^^^^^
  3 | import { createDemoProject } from "@/lib/gantt/demo-project";
  4 |
  5 | export default function GanttDemoPage() {

Import map: aliased to relative './src/components/gantt/project-gantt' inside of [project]/

https://nextjs.org/docs/messages/module-not-found @ http://139.99.122.192:3002/_next/static/chunks/node_modules_next_dist_0u_w_5s._.js:1945
[  242653ms] [ERROR] ./src/app/projects/rp-20250059/gantt-demo/page.tsx:2:1
Module not found: Can't resolve '@/components/gantt/project-gantt'
  1 | import { AppShell } from "@/components/mockup/app-shell";
> 2 | import { ProjectGantt } from "@/components/gantt/project-gantt";
    | ^^^^^^^^^^^^^^^^^^^^^^^^^^^^^^^^^^^^^^^^^^^^^^^^^^^^^^^^^^^^^^^^
  3 | import { createDemoProject } from "@/lib/gantt/demo-project";
  4 |
  5 | export default function GanttDemoPage() {

Import map: aliased to relative './src/components/gantt/project-gantt' inside of [project]/

https://nextjs.org/docs/messages/module-not-found @ http://139.99.122.192:3002/_next/static/chunks/node_modules_next_dist_0u_w_5s._.js:1945
[  242659ms] [ERROR] ./src/app/projects/rp-20250059/gantt-demo/page.tsx:2:1
Module not found: Can't resolve '@/components/gantt/project-gantt'
  1 | import { AppShell } from "@/components/mockup/app-shell";
> 2 | import { ProjectGantt } from "@/components/gantt/project-gantt";
    | ^^^^^^^^^^^^^^^^^^^^^^^^^^^^^^^^^^^^^^^^^^^^^^^^^^^^^^^^^^^^^^^^
  3 | import { createDemoProject } from "@/lib/gantt/demo-project";
  4 |
  5 | export default function GanttDemoPage() {

Import map: aliased to relative './src/components/gantt/project-gantt' inside of [project]/

https://nextjs.org/docs/messages/module-not-found @ http://139.99.122.192:3002/_next/static/chunks/node_modules_next_dist_0u_w_5s._.js:1945
[  243981ms] [ERROR] ./src/app/projects/rp-20250059/gantt-demo/page.tsx:2:1
Module not found: Can't resolve '@/components/gantt/project-gantt'
  1 | import { AppShell } from "@/components/mockup/app-shell";
> 2 | import { ProjectGantt } from "@/components/gantt/project-gantt";
    | ^^^^^^^^^^^^^^^^^^^^^^^^^^^^^^^^^^^^^^^^^^^^^^^^^^^^^^^^^^^^^^^^
  3 | import { createDemoProject } from "@/lib/gantt/demo-project";
  4 |
  5 | export default function GanttDemoPage() {

Import map: aliased to relative './src/components/gantt/project-gantt' inside of [project]/

https://nextjs.org/docs/messages/module-not-found @ http://139.99.122.192:3002/_next/static/chunks/node_modules_next_dist_0u_w_5s._.js:1945
[  462362ms] [ERROR] The final argument passed to %s changed size between renders. The order and size of this array must remain constant.

Previous: %s
Incoming: %s useEffect [function() {
            if ((executionContext & RenderContext) !== NoContext) throw Error("A function wrapped in useEffectEvent can't be called during rendering.");
            return ref.impl.apply(void 0, arguments);
        }, function() {
            if ((executionContext & RenderContext) !== NoContext) throw Error("A function wrapped in useEffectEvent can't be called during rendering.");
            return ref.impl.apply(void 0, arguments);
        }] [] @ http://139.99.122.192:3002/_next/static/chunks/node_modules_next_dist_115brz8._.js:3272
