[ 3002579ms] [ERROR] WebSocket connection to 'ws://localhost:3002/_next/webpack-hmr?id=LpG9omjdw2umEUkMxV4yO' failed: Error in connection establishment: net::ERR_CONNECTION_REFUSED @ http://localhost:3002/_next/static/chunks/node_modules_next_dist_client_0fhqo1d._.js:13299
[ 3003582ms] [ERROR] WebSocket connection to 'ws://localhost:3002/_next/webpack-hmr?id=LpG9omjdw2umEUkMxV4yO' failed: Error in connection establishment: net::ERR_CONNECTION_REFUSED @ http://localhost:3002/_next/static/chunks/node_modules_next_dist_client_0fhqo1d._.js:13299
[ 9754455ms] [ERROR] WebSocket connection to 'ws://localhost:3002/_next/webpack-hmr?id=mBq_dBZquha_4NuuMlaCa' failed: Error in connection establishment: net::ERR_CONNECTION_REFUSED @ http://localhost:3002/_next/static/chunks/node_modules_next_dist_client_0fhqo1d._.js:13299
[ 9755458ms] [ERROR] WebSocket connection to 'ws://localhost:3002/_next/webpack-hmr?id=mBq_dBZquha_4NuuMlaCa' failed: Error in connection establishment: net::ERR_CONNECTION_REFUSED @ http://localhost:3002/_next/static/chunks/node_modules_next_dist_client_0fhqo1d._.js:13299
[ 9756461ms] [ERROR] WebSocket connection to 'ws://localhost:3002/_next/webpack-hmr?id=mBq_dBZquha_4NuuMlaCa' failed: Error in connection establishment: net::ERR_CONNECTION_REFUSED @ http://localhost:3002/_next/static/chunks/node_modules_next_dist_client_0fhqo1d._.js:13299
[ 9757462ms] [ERROR] WebSocket connection to 'ws://localhost:3002/_next/webpack-hmr?id=mBq_dBZquha_4NuuMlaCa' failed: Error in connection establishment: net::ERR_CONNECTION_REFUSED @ http://localhost:3002/_next/static/chunks/node_modules_next_dist_client_0fhqo1d._.js:13299
[ 9758466ms] [ERROR] WebSocket connection to 'ws://localhost:3002/_next/webpack-hmr?id=mBq_dBZquha_4NuuMlaCa' failed: Error in connection establishment: net::ERR_CONNECTION_REFUSED @ http://localhost:3002/_next/static/chunks/node_modules_next_dist_client_0fhqo1d._.js:13299
[ 9763472ms] [ERROR] WebSocket connection to 'ws://localhost:3002/_next/webpack-hmr?id=mBq_dBZquha_4NuuMlaCa' failed: Error in connection establishment: net::ERR_CONNECTION_REFUSED @ http://localhost:3002/_next/static/chunks/node_modules_next_dist_client_0fhqo1d._.js:13299
[ 9768481ms] [ERROR] WebSocket connection to 'ws://localhost:3002/_next/webpack-hmr?id=mBq_dBZquha_4NuuMlaCa' failed: Error in connection establishment: net::ERR_CONNECTION_REFUSED @ http://localhost:3002/_next/static/chunks/node_modules_next_dist_client_0fhqo1d._.js:13299
[ 9773489ms] [ERROR] WebSocket connection to 'ws://localhost:3002/_next/webpack-hmr?id=mBq_dBZquha_4NuuMlaCa' failed: Error in connection establishment: net::ERR_CONNECTION_REFUSED @ http://localhost:3002/_next/static/chunks/node_modules_next_dist_client_0fhqo1d._.js:13299
[ 9778506ms] [ERROR] WebSocket connection to 'ws://localhost:3002/_next/webpack-hmr?id=mBq_dBZquha_4NuuMlaCa' failed: Error in connection establishment: net::ERR_CONNECTION_REFUSED @ http://localhost:3002/_next/static/chunks/node_modules_next_dist_client_0fhqo1d._.js:13299
[ 9783565ms] [ERROR] WebSocket connection to 'ws://localhost:3002/_next/webpack-hmr?id=mBq_dBZquha_4NuuMlaCa' failed: Error in connection establishment: net::ERR_CONNECTION_REFUSED @ http://localhost:3002/_next/static/chunks/node_modules_next_dist_client_0fhqo1d._.js:13299
[ 9788607ms] [ERROR] WebSocket connection to 'ws://localhost:3002/_next/webpack-hmr?id=mBq_dBZquha_4NuuMlaCa' failed: Error in connection establishment: net::ERR_CONNECTION_REFUSED @ http://localhost:3002/_next/static/chunks/node_modules_next_dist_client_0fhqo1d._.js:13299
[ 9793794ms] [ERROR] WebSocket connection to 'ws://localhost:3002/_next/webpack-hmr?id=mBq_dBZquha_4NuuMlaCa' failed: Error in connection establishment: net::ERR_CONNECTION_REFUSED @ http://localhost:3002/_next/static/chunks/node_modules_next_dist_client_0fhqo1d._.js:13299
[ 9909796ms] [ERROR] WebSocket connection to 'ws://localhost:3002/_next/webpack-hmr?id=eRjVxE895ytC67LHMa8T_' failed: Error in connection establishment: net::ERR_CONNECTION_REFUSED @ http://localhost:3002/_next/static/chunks/node_modules_next_dist_client_0fhqo1d._.js:13299
[ 9910799ms] [ERROR] WebSocket connection to 'ws://localhost:3002/_next/webpack-hmr?id=eRjVxE895ytC67LHMa8T_' failed: Error in connection establishment: net::ERR_CONNECTION_REFUSED @ http://localhost:3002/_next/static/chunks/node_modules_next_dist_client_0fhqo1d._.js:13299
[ 9911802ms] [ERROR] WebSocket connection to 'ws://localhost:3002/_next/webpack-hmr?id=eRjVxE895ytC67LHMa8T_' failed: Error in connection establishment: net::ERR_CONNECTION_REFUSED @ http://localhost:3002/_next/static/chunks/node_modules_next_dist_client_0fhqo1d._.js:13299
[ 9912804ms] [ERROR] WebSocket connection to 'ws://localhost:3002/_next/webpack-hmr?id=eRjVxE895ytC67LHMa8T_' failed: Error in connection establishment: net::ERR_CONNECTION_REFUSED @ http://localhost:3002/_next/static/chunks/node_modules_next_dist_client_0fhqo1d._.js:13299
[ 9913805ms] [ERROR] WebSocket connection to 'ws://localhost:3002/_next/webpack-hmr?id=eRjVxE895ytC67LHMa8T_' failed: Error in connection establishment: net::ERR_CONNECTION_REFUSED @ http://localhost:3002/_next/static/chunks/node_modules_next_dist_client_0fhqo1d._.js:13299
[10672025ms] [ERROR] ./src/app/projects/rp-20250059/gantt-demo/page.tsx:2:1
Module not found: Can't resolve '@/components/gantt/project-gantt'
  1 | import { AppShell } from "@/components/mockup/app-shell";
> 2 | import { ProjectGantt } from "@/components/gantt/project-gantt";
    | ^^^^^^^^^^^^^^^^^^^^^^^^^^^^^^^^^^^^^^^^^^^^^^^^^^^^^^^^^^^^^^^^
  3 | import { createDemoProject } from "@/lib/gantt/demo-project";
  4 |
  5 | export default function GanttDemoPage() {

Import map: aliased to relative './src/components/gantt/project-gantt' inside of [project]/

https://nextjs.org/docs/messages/module-not-found @ http://localhost:3002/_next/static/chunks/node_modules_next_dist_115brz8._.js:3272
[10672150ms] [ERROR] ./src/app/projects/rp-20250059/gantt-demo/page.tsx:2:1
Module not found: Can't resolve '@/components/gantt/project-gantt'
  1 | import { AppShell } from "@/components/mockup/app-shell";
> 2 | import { ProjectGantt } from "@/components/gantt/project-gantt";
    | ^^^^^^^^^^^^^^^^^^^^^^^^^^^^^^^^^^^^^^^^^^^^^^^^^^^^^^^^^^^^^^^^
  3 | import { createDemoProject } from "@/lib/gantt/demo-project";
  4 |
  5 | export default function GanttDemoPage() {

Import map: aliased to relative './src/components/gantt/project-gantt' inside of [project]/

https://nextjs.org/docs/messages/module-not-found @ http://localhost:3002/_next/static/chunks/node_modules_next_dist_115brz8._.js:3272
[10672794ms] [ERROR] ./src/app/projects/rp-20250059/gantt-demo/page.tsx:2:1
Module not found: Can't resolve '@/components/gantt/project-gantt'
  1 | import { AppShell } from "@/components/mockup/app-shell";
> 2 | import { ProjectGantt } from "@/components/gantt/project-gantt";
    | ^^^^^^^^^^^^^^^^^^^^^^^^^^^^^^^^^^^^^^^^^^^^^^^^^^^^^^^^^^^^^^^^
  3 | import { createDemoProject } from "@/lib/gantt/demo-project";
  4 |
  5 | export default function GanttDemoPage() {

Import map: aliased to relative './src/components/gantt/project-gantt' inside of [project]/

https://nextjs.org/docs/messages/module-not-found @ http://localhost:3002/_next/static/chunks/node_modules_next_dist_115brz8._.js:3272
[10672872ms] [ERROR] ./src/app/projects/rp-20250059/gantt-demo/page.tsx:2:1
Module not found: Can't resolve '@/components/gantt/project-gantt'
  1 | import { AppShell } from "@/components/mockup/app-shell";
> 2 | import { ProjectGantt } from "@/components/gantt/project-gantt";
    | ^^^^^^^^^^^^^^^^^^^^^^^^^^^^^^^^^^^^^^^^^^^^^^^^^^^^^^^^^^^^^^^^
  3 | import { createDemoProject } from "@/lib/gantt/demo-project";
  4 |
  5 | export default function GanttDemoPage() {

Import map: aliased to relative './src/components/gantt/project-gantt' inside of [project]/

https://nextjs.org/docs/messages/module-not-found @ http://localhost:3002/_next/static/chunks/node_modules_next_dist_115brz8._.js:3272
[10673002ms] [ERROR] ./src/app/projects/rp-20250059/gantt-demo/page.tsx:2:1
Module not found: Can't resolve '@/components/gantt/project-gantt'
  1 | import { AppShell } from "@/components/mockup/app-shell";
> 2 | import { ProjectGantt } from "@/components/gantt/project-gantt";
    | ^^^^^^^^^^^^^^^^^^^^^^^^^^^^^^^^^^^^^^^^^^^^^^^^^^^^^^^^^^^^^^^^
  3 | import { createDemoProject } from "@/lib/gantt/demo-project";
  4 |
  5 | export default function GanttDemoPage() {

Import map: aliased to relative './src/components/gantt/project-gantt' inside of [project]/

https://nextjs.org/docs/messages/module-not-found @ http://localhost:3002/_next/static/chunks/node_modules_next_dist_115brz8._.js:3272
[10673009ms] [ERROR] Failed to load resource: the server responded with a status of 500 (Internal Server Error) @ http://localhost:3002/projects/rp-20250059/gantt-demo?_rsc=1q2am:0
[10673050ms] [ERROR] ./src/app/projects/rp-20250059/gantt-demo/page.tsx:2:1
Module not found: Can't resolve '@/components/gantt/project-gantt'
  1 | import { AppShell } from "@/components/mockup/app-shell";
> 2 | import { ProjectGantt } from "@/components/gantt/project-gantt";
    | ^^^^^^^^^^^^^^^^^^^^^^^^^^^^^^^^^^^^^^^^^^^^^^^^^^^^^^^^^^^^^^^^
  3 | import { createDemoProject } from "@/lib/gantt/demo-project";
  4 |
  5 | export default function GanttDemoPage() {

Import map: aliased to relative './src/components/gantt/project-gantt' inside of [project]/

https://nextjs.org/docs/messages/module-not-found @ http://localhost:3002/_next/static/chunks/node_modules_next_dist_115brz8._.js:3272
[10673311ms] [ERROR] ./src/app/projects/rp-20250059/gantt-demo/page.tsx:2:1
Module not found: Can't resolve '@/components/gantt/project-gantt'
  1 | import { AppShell } from "@/components/mockup/app-shell";
> 2 | import { ProjectGantt } from "@/components/gantt/project-gantt";
    | ^^^^^^^^^^^^^^^^^^^^^^^^^^^^^^^^^^^^^^^^^^^^^^^^^^^^^^^^^^^^^^^^
  3 | import { createDemoProject } from "@/lib/gantt/demo-project";
  4 |
  5 | export default function GanttDemoPage() {

Import map: aliased to relative './src/components/gantt/project-gantt' inside of [project]/

https://nextjs.org/docs/messages/module-not-found @ http://localhost:3002/_next/static/chunks/node_modules_next_dist_115brz8._.js:3272
[10673313ms] [ERROR] ./src/app/projects/rp-20250059/gantt-demo/page.tsx:2:1
Module not found: Can't resolve '@/components/gantt/project-gantt'
  1 | import { AppShell } from "@/components/mockup/app-shell";
> 2 | import { ProjectGantt } from "@/components/gantt/project-gantt";
    | ^^^^^^^^^^^^^^^^^^^^^^^^^^^^^^^^^^^^^^^^^^^^^^^^^^^^^^^^^^^^^^^^
  3 | import { createDemoProject } from "@/lib/gantt/demo-project";
  4 |
  5 | export default function GanttDemoPage() {

Import map: aliased to relative './src/components/gantt/project-gantt' inside of [project]/

https://nextjs.org/docs/messages/module-not-found @ http://localhost:3002/_next/static/chunks/node_modules_next_dist_115brz8._.js:3272
[10673378ms] [ERROR] Failed to load resource: the server responded with a status of 500 (Internal Server Error) @ http://localhost:3002/projects/rp-20250059/gantt-demo:0
[10674931ms] Error: ./src/app/projects/rp-20250059/gantt-demo/page.tsx:2:1
Module not found: Can't resolve '@/components/gantt/project-gantt'
  1 | import { AppShell } from "@/components/mockup/app-shell";
> 2 | import { ProjectGantt } from "@/components/gantt/project-gantt";
    | ^^^^^^^^^^^^^^^^^^^^^^^^^^^^^^^^^^^^^^^^^^^^^^^^^^^^^^^^^^^^^^^^
  3 | import { createDemoProject } from "@/lib/gantt/demo-project";
  4 |
  5 | export default function GanttDemoPage() {

Import map: aliased to relative './src/components/gantt/project-gantt' inside of [project]/


https://nextjs.org/docs/messages/module-not-found


    at <unknown> (Error: ./src/app/projects/rp-20250059/gantt-demo/page.tsx:2:1)
    at <unknown> (https://nextjs.org/docs/messages/module-not-found)
    at Object.getCompilationErrors (file:///home/ubuntu/mockup-towngascpim/web/node_modules/next/dist/server/dev/hot-reloader-turbopack.js:1189:59)
    at DevBundlerService.getCompilationError (file:///home/ubuntu/mockup-towngascpim/web/node_modules/next/dist/server/lib/dev-bundler-service.js:44:55)
    at DevServer.getCompilationError (file:///home/ubuntu/mockup-towngascpim/web/node_modules/next/dist/server/dev/next-dev-server.js:719:42)
    at DevServer.findPageComponents (file:///home/ubuntu/mockup-towngascpim/web/node_modules/next/dist/server/dev/next-dev-server.js:689:43)
    at async DevServer.renderErrorToResponseImpl (file:///home/ubuntu/mockup-towngascpim/web/node_modules/next/dist/server/base-server.js:1745:26)
[10674939ms] [ERROR] ./src/app/projects/rp-20250059/gantt-demo/page.tsx:2:1
Module not found: Can't resolve '@/components/gantt/project-gantt'
  1 | import { AppShell } from "@/components/mockup/app-shell";
> 2 | import { ProjectGantt } from "@/components/gantt/project-gantt";
    | ^^^^^^^^^^^^^^^^^^^^^^^^^^^^^^^^^^^^^^^^^^^^^^^^^^^^^^^^^^^^^^^^
  3 | import { createDemoProject } from "@/lib/gantt/demo-project";
  4 |
  5 | export default function GanttDemoPage() {

Import map: aliased to relative './src/components/gantt/project-gantt' inside of [project]/

https://nextjs.org/docs/messages/module-not-found @ http://localhost:3002/_next/static/chunks/node_modules_next_dist_0u_w_5s._.js:1945
[10675004ms] [ERROR] ./src/app/projects/rp-20250059/gantt-demo/page.tsx:2:1
Module not found: Can't resolve '@/components/gantt/project-gantt'
  1 | import { AppShell } from "@/components/mockup/app-shell";
> 2 | import { ProjectGantt } from "@/components/gantt/project-gantt";
    | ^^^^^^^^^^^^^^^^^^^^^^^^^^^^^^^^^^^^^^^^^^^^^^^^^^^^^^^^^^^^^^^^
  3 | import { createDemoProject } from "@/lib/gantt/demo-project";
  4 |
  5 | export default function GanttDemoPage() {

Import map: aliased to relative './src/components/gantt/project-gantt' inside of [project]/

https://nextjs.org/docs/messages/module-not-found @ http://localhost:3002/_next/static/chunks/node_modules_next_dist_0u_w_5s._.js:1945
[10675160ms] [ERROR] ./src/app/projects/rp-20250059/gantt-demo/page.tsx:2:1
Module not found: Can't resolve '@/components/gantt/project-gantt'
  1 | import { AppShell } from "@/components/mockup/app-shell";
> 2 | import { ProjectGantt } from "@/components/gantt/project-gantt";
    | ^^^^^^^^^^^^^^^^^^^^^^^^^^^^^^^^^^^^^^^^^^^^^^^^^^^^^^^^^^^^^^^^
  3 | import { createDemoProject } from "@/lib/gantt/demo-project";
  4 |
  5 | export default function GanttDemoPage() {

Import map: aliased to relative './src/components/gantt/project-gantt' inside of [project]/

https://nextjs.org/docs/messages/module-not-found @ http://localhost:3002/_next/static/chunks/node_modules_next_dist_0u_w_5s._.js:1945
[10676389ms] [ERROR] ./src/app/projects/rp-20250059/gantt-demo/page.tsx:2:1
Module not found: Can't resolve '@/components/gantt/project-gantt'
  1 | import { AppShell } from "@/components/mockup/app-shell";
> 2 | import { ProjectGantt } from "@/components/gantt/project-gantt";
    | ^^^^^^^^^^^^^^^^^^^^^^^^^^^^^^^^^^^^^^^^^^^^^^^^^^^^^^^^^^^^^^^^
  3 | import { createDemoProject } from "@/lib/gantt/demo-project";
  4 |
  5 | export default function GanttDemoPage() {

Import map: aliased to relative './src/components/gantt/project-gantt' inside of [project]/

https://nextjs.org/docs/messages/module-not-found @ http://localhost:3002/_next/static/chunks/node_modules_next_dist_0u_w_5s._.js:1945
[10894625ms] [ERROR] The final argument passed to %s changed size between renders. The order and size of this array must remain constant.

Previous: %s
Incoming: %s useEffect [function() {
            if ((executionContext & RenderContext) !== NoContext) throw Error("A function wrapped in useEffectEvent can't be called during rendering.");
            return ref.impl.apply(void 0, arguments);
        }, function() {
            if ((executionContext & RenderContext) !== NoContext) throw Error("A function wrapped in useEffectEvent can't be called during rendering.");
            return ref.impl.apply(void 0, arguments);
        }] [] @ http://localhost:3002/_next/static/chunks/node_modules_next_dist_115brz8._.js:3272
[41436801ms] [ERROR] WebSocket connection to 'ws://localhost:3002/_next/webpack-hmr?id=zujzj5xO2XWhsAfHf3opG' failed: Error in connection establishment: net::ERR_CONNECTION_REFUSED @ http://localhost:3002/_next/static/chunks/node_modules_next_dist_client_0fhqo1d._.js:13299
[41437804ms] [ERROR] WebSocket connection to 'ws://localhost:3002/_next/webpack-hmr?id=zujzj5xO2XWhsAfHf3opG' failed: Error in connection establishment: net::ERR_CONNECTION_REFUSED @ http://localhost:3002/_next/static/chunks/node_modules_next_dist_client_0fhqo1d._.js:13299
[41438805ms] [ERROR] WebSocket connection to 'ws://localhost:3002/_next/webpack-hmr?id=zujzj5xO2XWhsAfHf3opG' failed: Error in connection establishment: net::ERR_CONNECTION_REFUSED @ http://localhost:3002/_next/static/chunks/node_modules_next_dist_client_0fhqo1d._.js:13299
[44904601ms] ReferenceError: getDefaultColumnWidths is not defined
    at ProjectGantt (http://localhost:3002/_next/static/chunks/src_09q51.8._.js?id=%255Bproject%255D%252Fsrc%252Fcomponents%252Fgantt%252Fproject-gantt.tsx+%255Bapp-client%255D+%2528ecmascript%2529:91:220)
    at Object.react_stack_bottom_frame (http://localhost:3002/_next/static/chunks/node_modules_next_dist_compiled_react-dom_058-ah~._.js:15037:24)
    at renderWithHooks (http://localhost:3002/_next/static/chunks/node_modules_next_dist_compiled_react-dom_058-ah~._.js:4620:24)
    at updateFunctionComponent (http://localhost:3002/_next/static/chunks/node_modules_next_dist_compiled_react-dom_058-ah~._.js:6081:21)
    at beginWork (http://localhost:3002/_next/static/chunks/node_modules_next_dist_compiled_react-dom_058-ah~._.js:6691:24)
    at runWithFiberInDEV (http://localhost:3002/_next/static/chunks/node_modules_next_dist_compiled_react-dom_058-ah~._.js:965:74)
    at performUnitOfWork (http://localhost:3002/_next/static/chunks/node_modules_next_dist_compiled_react-dom_058-ah~._.js:9555:97)
    at workLoopSync (http://localhost:3002/_next/static/chunks/node_modules_next_dist_compiled_react-dom_058-ah~._.js:9449:40)
    at renderRootSync (http://localhost:3002/_next/static/chunks/node_modules_next_dist_compiled_react-dom_058-ah~._.js:9433:13)
    at performWorkOnRoot (http://localhost:3002/_next/static/chunks/node_modules_next_dist_compiled_react-dom_058-ah~._.js:9098:47)
    at performSyncWorkOnRoot (http://localhost:3002/_next/static/chunks/node_modules_next_dist_compiled_react-dom_058-ah~._.js:10263:9)
    at flushSyncWorkAcrossRoots_impl (http://localhost:3002/_next/static/chunks/node_modules_next_dist_compiled_react-dom_058-ah~._.js:10179:316)
    at flushSyncWork$1 (http://localhost:3002/_next/static/chunks/node_modules_next_dist_compiled_react-dom_058-ah~._.js:9230:86)
    at Object.scheduleRefresh (http://localhost:3002/_next/static/chunks/node_modules_next_dist_compiled_react-dom_058-ah~._.js:299:13)
    at http://localhost:3002/_next/static/chunks/node_modules_next_dist_compiled_0rpq4pf._.js:391:33
    at Set.forEach (<anonymous>)
    at Object.performReactRefresh (http://localhost:3002/_next/static/chunks/node_modules_next_dist_compiled_0rpq4pf._.js:384:38)
    at applyUpdate (http://localhost:3002/_next/static/chunks/node_modules_next_dist_compiled_0rpq4pf._.js:878:31)
    at http://localhost:3002/_next/static/chunks/node_modules_next_dist_compiled_0rpq4pf._.js:886:13
[44917349ms] [WARNING] [Fast Refresh] performing full reload because your application had an unrecoverable error @ http://localhost:3002/_next/static/chunks/node_modules_next_dist_115brz8._.js:2431
[44918110ms] ReferenceError: getDefaultColumnWidths is not defined
    at ProjectGantt (http://localhost:3002/_next/static/chunks/src_09q51.8._.js?id=%255Bproject%255D%252Fsrc%252Fcomponents%252Fgantt%252Fproject-gantt.tsx+%255Bapp-client%255D+%2528ecmascript%2529:91:220)
    at Object.react_stack_bottom_frame (http://localhost:3002/_next/static/chunks/node_modules_next_dist_compiled_react-dom_058-ah~._.js:15037:24)
    at renderWithHooks (http://localhost:3002/_next/static/chunks/node_modules_next_dist_compiled_react-dom_058-ah~._.js:4620:24)
    at updateFunctionComponent (http://localhost:3002/_next/static/chunks/node_modules_next_dist_compiled_react-dom_058-ah~._.js:6081:21)
    at beginWork (http://localhost:3002/_next/static/chunks/node_modules_next_dist_compiled_react-dom_058-ah~._.js:6665:639)
    at runWithFiberInDEV (http://localhost:3002/_next/static/chunks/node_modules_next_dist_compiled_react-dom_058-ah~._.js:965:74)
    at performUnitOfWork (http://localhost:3002/_next/static/chunks/node_modules_next_dist_compiled_react-dom_058-ah~._.js:9555:97)
    at workLoopSync (http://localhost:3002/_next/static/chunks/node_modules_next_dist_compiled_react-dom_058-ah~._.js:9449:40)
    at renderRootSync (http://localhost:3002/_next/static/chunks/node_modules_next_dist_compiled_react-dom_058-ah~._.js:9433:13)
    at performWorkOnRoot (http://localhost:3002/_next/static/chunks/node_modules_next_dist_compiled_react-dom_058-ah~._.js:9098:47)
    at performSyncWorkOnRoot (http://localhost:3002/_next/static/chunks/node_modules_next_dist_compiled_react-dom_058-ah~._.js:10263:9)
    at flushSyncWorkAcrossRoots_impl (http://localhost:3002/_next/static/chunks/node_modules_next_dist_compiled_react-dom_058-ah~._.js:10179:316)
    at flushSyncWork$1 (http://localhost:3002/_next/static/chunks/node_modules_next_dist_compiled_react-dom_058-ah~._.js:9230:86)
    at Object.scheduleRefresh (http://localhost:3002/_next/static/chunks/node_modules_next_dist_compiled_react-dom_058-ah~._.js:299:13)
    at http://localhost:3002/_next/static/chunks/node_modules_next_dist_compiled_0rpq4pf._.js:391:33
    at Set.forEach (<anonymous>)
    at Object.performReactRefresh (http://localhost:3002/_next/static/chunks/node_modules_next_dist_compiled_0rpq4pf._.js:384:38)
    at applyUpdate (http://localhost:3002/_next/static/chunks/node_modules_next_dist_compiled_0rpq4pf._.js:878:31)
    at http://localhost:3002/_next/static/chunks/node_modules_next_dist_compiled_0rpq4pf._.js:886:13
[44918375ms] [ERROR] Failed to load resource: the server responded with a status of 500 (Internal Server Error) @ http://localhost:3002/projects/rp-20250059/gantt-demo:0
[44919326ms] ReferenceError: getDefaultColumnWidths is not defined
    at ProjectGantt (http://localhost:3002/_next/static/chunks/src_09q51.8._.js:2859:206)
    at Object.react_stack_bottom_frame (http://localhost:3002/_next/static/chunks/node_modules_next_dist_compiled_react-dom_058-ah~._.js:15037:24)
    at renderWithHooks (http://localhost:3002/_next/static/chunks/node_modules_next_dist_compiled_react-dom_058-ah~._.js:4620:24)
    at updateFunctionComponent (http://localhost:3002/_next/static/chunks/node_modules_next_dist_compiled_react-dom_058-ah~._.js:6081:21)
    at beginWork (http://localhost:3002/_next/static/chunks/node_modules_next_dist_compiled_react-dom_058-ah~._.js:6665:639)
    at runWithFiberInDEV (http://localhost:3002/_next/static/chunks/node_modules_next_dist_compiled_react-dom_058-ah~._.js:965:74)
    at performUnitOfWork (http://localhost:3002/_next/static/chunks/node_modules_next_dist_compiled_react-dom_058-ah~._.js:9555:97)
    at workLoopSync (http://localhost:3002/_next/static/chunks/node_modules_next_dist_compiled_react-dom_058-ah~._.js:9449:40)
    at renderRootSync (http://localhost:3002/_next/static/chunks/node_modules_next_dist_compiled_react-dom_058-ah~._.js:9433:13)
    at performWorkOnRoot (http://localhost:3002/_next/static/chunks/node_modules_next_dist_compiled_react-dom_058-ah~._.js:9098:47)
    at performWorkOnRootViaSchedulerTask (http://localhost:3002/_next/static/chunks/node_modules_next_dist_compiled_react-dom_058-ah~._.js:10255:9)
    at MessagePort.performWorkUntilDeadline (http://localhost:3002/_next/static/chunks/node_modules_next_dist_compiled_0rpq4pf._.js:2647:64)
[44925739ms] [WARNING] [Fast Refresh] performing full reload because your application had an unrecoverable error @ http://localhost:3002/_next/static/chunks/node_modules_next_dist_115brz8._.js:2431
[46113366ms] ReferenceError: recalculateAutoSchedule is not defined
    at prepareTaskCollection (http://localhost:3002/_next/static/chunks/src_09q51.8._.js?id=%255Bproject%255D%252Fsrc%252Fcomponents%252Fgantt%252Fproject-gantt.tsx+%255Bapp-client%255D+%2528ecmascript%2529:2455:28)
    at hydrateProject (http://localhost:3002/_next/static/chunks/src_09q51.8._.js?id=%255Bproject%255D%252Fsrc%252Fcomponents%252Fgantt%252Fproject-gantt.tsx+%255Bapp-client%255D+%2528ecmascript%2529:2241:19)
    at ProjectGantt (http://localhost:3002/_next/static/chunks/src_09q51.8._.js?id=%255Bproject%255D%252Fsrc%252Fcomponents%252Fgantt%252Fproject-gantt.tsx+%255Bapp-client%255D+%2528ecmascript%2529:80:27)
    at Object.react_stack_bottom_frame (http://localhost:3002/_next/static/chunks/node_modules_next_dist_compiled_react-dom_058-ah~._.js:15037:24)
    at renderWithHooks (http://localhost:3002/_next/static/chunks/node_modules_next_dist_compiled_react-dom_058-ah~._.js:4620:24)
    at updateFunctionComponent (http://localhost:3002/_next/static/chunks/node_modules_next_dist_compiled_react-dom_058-ah~._.js:6081:21)
    at beginWork (http://localhost:3002/_next/static/chunks/node_modules_next_dist_compiled_react-dom_058-ah~._.js:6691:24)
    at runWithFiberInDEV (http://localhost:3002/_next/static/chunks/node_modules_next_dist_compiled_react-dom_058-ah~._.js:965:74)
    at performUnitOfWork (http://localhost:3002/_next/static/chunks/node_modules_next_dist_compiled_react-dom_058-ah~._.js:9555:97)
    at workLoopSync (http://localhost:3002/_next/static/chunks/node_modules_next_dist_compiled_react-dom_058-ah~._.js:9449:40)
    at renderRootSync (http://localhost:3002/_next/static/chunks/node_modules_next_dist_compiled_react-dom_058-ah~._.js:9433:13)
    at performWorkOnRoot (http://localhost:3002/_next/static/chunks/node_modules_next_dist_compiled_react-dom_058-ah~._.js:9098:47)
    at performSyncWorkOnRoot (http://localhost:3002/_next/static/chunks/node_modules_next_dist_compiled_react-dom_058-ah~._.js:10263:9)
    at flushSyncWorkAcrossRoots_impl (http://localhost:3002/_next/static/chunks/node_modules_next_dist_compiled_react-dom_058-ah~._.js:10179:316)
    at flushSyncWork$1 (http://localhost:3002/_next/static/chunks/node_modules_next_dist_compiled_react-dom_058-ah~._.js:9230:86)
    at Object.scheduleRefresh (http://localhost:3002/_next/static/chunks/node_modules_next_dist_compiled_react-dom_058-ah~._.js:299:13)
    at http://localhost:3002/_next/static/chunks/node_modules_next_dist_compiled_0rpq4pf._.js:391:33
    at Set.forEach (<anonymous>)
    at Object.performReactRefresh (http://localhost:3002/_next/static/chunks/node_modules_next_dist_compiled_0rpq4pf._.js:384:38)
    at applyUpdate (http://localhost:3002/_next/static/chunks/node_modules_next_dist_compiled_0rpq4pf._.js:878:31)
    at http://localhost:3002/_next/static/chunks/node_modules_next_dist_compiled_0rpq4pf._.js:886:13
[46129044ms] [WARNING] [Fast Refresh] performing full reload because your application had an unrecoverable error @ http://localhost:3002/_next/static/chunks/node_modules_next_dist_115brz8._.js:2431
[46129742ms] ReferenceError: recalculateAutoSchedule is not defined
    at prepareTaskCollection (http://localhost:3002/_next/static/chunks/src_09q51.8._.js?id=%255Bproject%255D%252Fsrc%252Fcomponents%252Fgantt%252Fproject-gantt.tsx+%255Bapp-client%255D+%2528ecmascript%2529:2455:28)
    at hydrateProject (http://localhost:3002/_next/static/chunks/src_09q51.8._.js?id=%255Bproject%255D%252Fsrc%252Fcomponents%252Fgantt%252Fproject-gantt.tsx+%255Bapp-client%255D+%2528ecmascript%2529:2241:19)
    at ProjectGantt (http://localhost:3002/_next/static/chunks/src_09q51.8._.js?id=%255Bproject%255D%252Fsrc%252Fcomponents%252Fgantt%252Fproject-gantt.tsx+%255Bapp-client%255D+%2528ecmascript%2529:80:27)
    at Object.react_stack_bottom_frame (http://localhost:3002/_next/static/chunks/node_modules_next_dist_compiled_react-dom_058-ah~._.js:15037:24)
    at renderWithHooks (http://localhost:3002/_next/static/chunks/node_modules_next_dist_compiled_react-dom_058-ah~._.js:4620:24)
    at updateFunctionComponent (http://localhost:3002/_next/static/chunks/node_modules_next_dist_compiled_react-dom_058-ah~._.js:6081:21)
    at beginWork (http://localhost:3002/_next/static/chunks/node_modules_next_dist_compiled_react-dom_058-ah~._.js:6665:639)
    at runWithFiberInDEV (http://localhost:3002/_next/static/chunks/node_modules_next_dist_compiled_react-dom_058-ah~._.js:965:74)
    at performUnitOfWork (http://localhost:3002/_next/static/chunks/node_modules_next_dist_compiled_react-dom_058-ah~._.js:9555:97)
    at workLoopSync (http://localhost:3002/_next/static/chunks/node_modules_next_dist_compiled_react-dom_058-ah~._.js:9449:40)
    at renderRootSync (http://localhost:3002/_next/static/chunks/node_modules_next_dist_compiled_react-dom_058-ah~._.js:9433:13)
    at performWorkOnRoot (http://localhost:3002/_next/static/chunks/node_modules_next_dist_compiled_react-dom_058-ah~._.js:9098:47)
    at performSyncWorkOnRoot (http://localhost:3002/_next/static/chunks/node_modules_next_dist_compiled_react-dom_058-ah~._.js:10263:9)
    at flushSyncWorkAcrossRoots_impl (http://localhost:3002/_next/static/chunks/node_modules_next_dist_compiled_react-dom_058-ah~._.js:10179:316)
    at flushSyncWork$1 (http://localhost:3002/_next/static/chunks/node_modules_next_dist_compiled_react-dom_058-ah~._.js:9230:86)
    at Object.scheduleRefresh (http://localhost:3002/_next/static/chunks/node_modules_next_dist_compiled_react-dom_058-ah~._.js:299:13)
    at http://localhost:3002/_next/static/chunks/node_modules_next_dist_compiled_0rpq4pf._.js:391:33
    at Set.forEach (<anonymous>)
    at Object.performReactRefresh (http://localhost:3002/_next/static/chunks/node_modules_next_dist_compiled_0rpq4pf._.js:384:38)
    at applyUpdate (http://localhost:3002/_next/static/chunks/node_modules_next_dist_compiled_0rpq4pf._.js:878:31)
    at http://localhost:3002/_next/static/chunks/node_modules_next_dist_compiled_0rpq4pf._.js:886:13
[46129990ms] [ERROR] Failed to load resource: the server responded with a status of 500 (Internal Server Error) @ http://localhost:3002/projects/rp-20250059/gantt-demo:0
[46131053ms] ReferenceError: recalculateAutoSchedule is not defined
    at prepareTaskCollection (http://localhost:3002/_next/static/chunks/src_09q51.8._.js:5223:28)
    at hydrateProject (http://localhost:3002/_next/static/chunks/src_09q51.8._.js:5009:19)
    at ProjectGantt (http://localhost:3002/_next/static/chunks/src_09q51.8._.js:2848:27)
    at Object.react_stack_bottom_frame (http://localhost:3002/_next/static/chunks/node_modules_next_dist_compiled_react-dom_058-ah~._.js:15037:24)
    at renderWithHooks (http://localhost:3002/_next/static/chunks/node_modules_next_dist_compiled_react-dom_058-ah~._.js:4620:24)
    at updateFunctionComponent (http://localhost:3002/_next/static/chunks/node_modules_next_dist_compiled_react-dom_058-ah~._.js:6081:21)
    at beginWork (http://localhost:3002/_next/static/chunks/node_modules_next_dist_compiled_react-dom_058-ah~._.js:6665:639)
    at runWithFiberInDEV (http://localhost:3002/_next/static/chunks/node_modules_next_dist_compiled_react-dom_058-ah~._.js:965:74)
    at performUnitOfWork (http://localhost:3002/_next/static/chunks/node_modules_next_dist_compiled_react-dom_058-ah~._.js:9555:97)
    at workLoopSync (http://localhost:3002/_next/static/chunks/node_modules_next_dist_compiled_react-dom_058-ah~._.js:9449:40)
    at renderRootSync (http://localhost:3002/_next/static/chunks/node_modules_next_dist_compiled_react-dom_058-ah~._.js:9433:13)
    at performWorkOnRoot (http://localhost:3002/_next/static/chunks/node_modules_next_dist_compiled_react-dom_058-ah~._.js:9098:47)
    at performWorkOnRootViaSchedulerTask (http://localhost:3002/_next/static/chunks/node_modules_next_dist_compiled_react-dom_058-ah~._.js:10255:9)
    at MessagePort.performWorkUntilDeadline (http://localhost:3002/_next/static/chunks/node_modules_next_dist_compiled_0rpq4pf._.js:2647:64)
[46145367ms] [WARNING] [Fast Refresh] performing full reload because your application had an unrecoverable error @ http://localhost:3002/_next/static/chunks/node_modules_next_dist_115brz8._.js:2431
[46146176ms] [ERROR] Failed to load resource: the server responded with a status of 500 (Internal Server Error) @ http://localhost:3002/projects/rp-20250059/gantt-demo:0
[46147019ms] ReferenceError: maxIsoDate is not defined
    at http://localhost:3002/_next/static/chunks/src_09q51.8._.js:5191:25
    at Array.forEach (<anonymous>)
    at http://localhost:3002/_next/static/chunks/src_09q51.8._.js:5184:34
    at Array.forEach (<anonymous>)
    at recalculateAutoSchedule (http://localhost:3002/_next/static/chunks/src_09q51.8._.js:5173:24)
    at prepareTaskCollection (http://localhost:3002/_next/static/chunks/src_09q51.8._.js:5297:28)
    at hydrateProject (http://localhost:3002/_next/static/chunks/src_09q51.8._.js:5009:19)
    at ProjectGantt (http://localhost:3002/_next/static/chunks/src_09q51.8._.js:2848:27)
    at Object.react_stack_bottom_frame (http://localhost:3002/_next/static/chunks/node_modules_next_dist_compiled_react-dom_058-ah~._.js:15037:24)
    at renderWithHooks (http://localhost:3002/_next/static/chunks/node_modules_next_dist_compiled_react-dom_058-ah~._.js:4620:24)
    at updateFunctionComponent (http://localhost:3002/_next/static/chunks/node_modules_next_dist_compiled_react-dom_058-ah~._.js:6081:21)
    at beginWork (http://localhost:3002/_next/static/chunks/node_modules_next_dist_compiled_react-dom_058-ah~._.js:6665:639)
    at runWithFiberInDEV (http://localhost:3002/_next/static/chunks/node_modules_next_dist_compiled_react-dom_058-ah~._.js:965:74)
    at performUnitOfWork (http://localhost:3002/_next/static/chunks/node_modules_next_dist_compiled_react-dom_058-ah~._.js:9555:97)
    at workLoopSync (http://localhost:3002/_next/static/chunks/node_modules_next_dist_compiled_react-dom_058-ah~._.js:9449:40)
    at renderRootSync (http://localhost:3002/_next/static/chunks/node_modules_next_dist_compiled_react-dom_058-ah~._.js:9433:13)
    at performWorkOnRoot (http://localhost:3002/_next/static/chunks/node_modules_next_dist_compiled_react-dom_058-ah~._.js:9098:47)
    at performWorkOnRootViaSchedulerTask (http://localhost:3002/_next/static/chunks/node_modules_next_dist_compiled_react-dom_058-ah~._.js:10255:9)
    at MessagePort.performWorkUntilDeadline (http://localhost:3002/_next/static/chunks/node_modules_next_dist_compiled_0rpq4pf._.js:2647:64)
[46245426ms] [WARNING] [Fast Refresh] performing full reload because your application had an unrecoverable error @ http://localhost:3002/_next/static/chunks/node_modules_next_dist_115brz8._.js:2431
[46556806ms] ReferenceError: getTaskPath is not defined
    at ProjectGantt (http://localhost:3002/_next/static/chunks/src_09q51.8._.js?id=%255Bproject%255D%252Fsrc%252Fcomponents%252Fgantt%252Fproject-gantt.tsx+%255Bapp-client%255D+%2528ecmascript%2529:297:30)
    at Object.react_stack_bottom_frame (http://localhost:3002/_next/static/chunks/node_modules_next_dist_compiled_react-dom_058-ah~._.js:15037:24)
    at renderWithHooks (http://localhost:3002/_next/static/chunks/node_modules_next_dist_compiled_react-dom_058-ah~._.js:4620:24)
    at updateFunctionComponent (http://localhost:3002/_next/static/chunks/node_modules_next_dist_compiled_react-dom_058-ah~._.js:6081:21)
    at beginWork (http://localhost:3002/_next/static/chunks/node_modules_next_dist_compiled_react-dom_058-ah~._.js:6691:24)
    at runWithFiberInDEV (http://localhost:3002/_next/static/chunks/node_modules_next_dist_compiled_react-dom_058-ah~._.js:965:74)
    at performUnitOfWork (http://localhost:3002/_next/static/chunks/node_modules_next_dist_compiled_react-dom_058-ah~._.js:9555:97)
    at workLoopSync (http://localhost:3002/_next/static/chunks/node_modules_next_dist_compiled_react-dom_058-ah~._.js:9449:40)
    at renderRootSync (http://localhost:3002/_next/static/chunks/node_modules_next_dist_compiled_react-dom_058-ah~._.js:9433:13)
    at performWorkOnRoot (http://localhost:3002/_next/static/chunks/node_modules_next_dist_compiled_react-dom_058-ah~._.js:9098:47)
    at performSyncWorkOnRoot (http://localhost:3002/_next/static/chunks/node_modules_next_dist_compiled_react-dom_058-ah~._.js:10263:9)
    at flushSyncWorkAcrossRoots_impl (http://localhost:3002/_next/static/chunks/node_modules_next_dist_compiled_react-dom_058-ah~._.js:10179:316)
    at flushSyncWork$1 (http://localhost:3002/_next/static/chunks/node_modules_next_dist_compiled_react-dom_058-ah~._.js:9230:86)
    at Object.scheduleRefresh (http://localhost:3002/_next/static/chunks/node_modules_next_dist_compiled_react-dom_058-ah~._.js:299:13)
    at http://localhost:3002/_next/static/chunks/node_modules_next_dist_compiled_0rpq4pf._.js:391:33
    at Set.forEach (<anonymous>)
    at Object.performReactRefresh (http://localhost:3002/_next/static/chunks/node_modules_next_dist_compiled_0rpq4pf._.js:384:38)
    at applyUpdate (http://localhost:3002/_next/static/chunks/node_modules_next_dist_compiled_0rpq4pf._.js:878:31)
    at http://localhost:3002/_next/static/chunks/node_modules_next_dist_compiled_0rpq4pf._.js:886:13
[46561137ms] [WARNING] [Fast Refresh] performing full reload because your application had an unrecoverable error @ http://localhost:3002/_next/static/chunks/node_modules_next_dist_115brz8._.js:2431
[46561775ms] ReferenceError: getTaskPath is not defined
    at ProjectGantt (http://localhost:3002/_next/static/chunks/src_09q51.8._.js?id=%255Bproject%255D%252Fsrc%252Fcomponents%252Fgantt%252Fproject-gantt.tsx+%255Bapp-client%255D+%2528ecmascript%2529:297:30)
    at Object.react_stack_bottom_frame (http://localhost:3002/_next/static/chunks/node_modules_next_dist_compiled_react-dom_058-ah~._.js:15037:24)
    at renderWithHooks (http://localhost:3002/_next/static/chunks/node_modules_next_dist_compiled_react-dom_058-ah~._.js:4620:24)
    at updateFunctionComponent (http://localhost:3002/_next/static/chunks/node_modules_next_dist_compiled_react-dom_058-ah~._.js:6081:21)
    at beginWork (http://localhost:3002/_next/static/chunks/node_modules_next_dist_compiled_react-dom_058-ah~._.js:6665:639)
    at runWithFiberInDEV (http://localhost:3002/_next/static/chunks/node_modules_next_dist_compiled_react-dom_058-ah~._.js:965:74)
    at performUnitOfWork (http://localhost:3002/_next/static/chunks/node_modules_next_dist_compiled_react-dom_058-ah~._.js:9555:97)
    at workLoopSync (http://localhost:3002/_next/static/chunks/node_modules_next_dist_compiled_react-dom_058-ah~._.js:9449:40)
    at renderRootSync (http://localhost:3002/_next/static/chunks/node_modules_next_dist_compiled_react-dom_058-ah~._.js:9433:13)
    at performWorkOnRoot (http://localhost:3002/_next/static/chunks/node_modules_next_dist_compiled_react-dom_058-ah~._.js:9098:47)
    at performSyncWorkOnRoot (http://localhost:3002/_next/static/chunks/node_modules_next_dist_compiled_react-dom_058-ah~._.js:10263:9)
    at flushSyncWorkAcrossRoots_impl (http://localhost:3002/_next/static/chunks/node_modules_next_dist_compiled_react-dom_058-ah~._.js:10179:316)
    at flushSyncWork$1 (http://localhost:3002/_next/static/chunks/node_modules_next_dist_compiled_react-dom_058-ah~._.js:9230:86)
    at Object.scheduleRefresh (http://localhost:3002/_next/static/chunks/node_modules_next_dist_compiled_react-dom_058-ah~._.js:299:13)
    at http://localhost:3002/_next/static/chunks/node_modules_next_dist_compiled_0rpq4pf._.js:391:33
    at Set.forEach (<anonymous>)
    at Object.performReactRefresh (http://localhost:3002/_next/static/chunks/node_modules_next_dist_compiled_0rpq4pf._.js:384:38)
    at applyUpdate (http://localhost:3002/_next/static/chunks/node_modules_next_dist_compiled_0rpq4pf._.js:878:31)
    at http://localhost:3002/_next/static/chunks/node_modules_next_dist_compiled_0rpq4pf._.js:886:13
[46562157ms] [ERROR] Failed to load resource: the server responded with a status of 500 (Internal Server Error) @ http://localhost:3002/projects/rp-20250059/gantt-demo:0
[46563155ms] ReferenceError: getTaskPath is not defined
    at ProjectGantt (http://localhost:3002/_next/static/chunks/src_09q51.8._.js:3065:30)
    at Object.react_stack_bottom_frame (http://localhost:3002/_next/static/chunks/node_modules_next_dist_compiled_react-dom_058-ah~._.js:15037:24)
    at renderWithHooks (http://localhost:3002/_next/static/chunks/node_modules_next_dist_compiled_react-dom_058-ah~._.js:4620:24)
    at updateFunctionComponent (http://localhost:3002/_next/static/chunks/node_modules_next_dist_compiled_react-dom_058-ah~._.js:6081:21)
    at beginWork (http://localhost:3002/_next/static/chunks/node_modules_next_dist_compiled_react-dom_058-ah~._.js:6665:639)
    at runWithFiberInDEV (http://localhost:3002/_next/static/chunks/node_modules_next_dist_compiled_react-dom_058-ah~._.js:965:74)
    at performUnitOfWork (http://localhost:3002/_next/static/chunks/node_modules_next_dist_compiled_react-dom_058-ah~._.js:9555:97)
    at workLoopSync (http://localhost:3002/_next/static/chunks/node_modules_next_dist_compiled_react-dom_058-ah~._.js:9449:40)
    at renderRootSync (http://localhost:3002/_next/static/chunks/node_modules_next_dist_compiled_react-dom_058-ah~._.js:9433:13)
    at performWorkOnRoot (http://localhost:3002/_next/static/chunks/node_modules_next_dist_compiled_react-dom_058-ah~._.js:9098:47)
    at performWorkOnRootViaSchedulerTask (http://localhost:3002/_next/static/chunks/node_modules_next_dist_compiled_react-dom_058-ah~._.js:10255:9)
    at MessagePort.performWorkUntilDeadline (http://localhost:3002/_next/static/chunks/node_modules_next_dist_compiled_0rpq4pf._.js:2647:64)
[46570302ms] [WARNING] [Fast Refresh] performing full reload because your application had an unrecoverable error @ http://localhost:3002/_next/static/chunks/node_modules_next_dist_115brz8._.js:2431
[46571244ms] [ERROR] Failed to load resource: the server responded with a status of 500 (Internal Server Error) @ http://localhost:3002/projects/rp-20250059/gantt-demo:0
[46571963ms] ReferenceError: getTaskPath is not defined
    at ProjectGantt (http://localhost:3002/_next/static/chunks/src_09q51.8._.js:3065:30)
    at Object.react_stack_bottom_frame (http://localhost:3002/_next/static/chunks/node_modules_next_dist_compiled_react-dom_058-ah~._.js:15037:24)
    at renderWithHooks (http://localhost:3002/_next/static/chunks/node_modules_next_dist_compiled_react-dom_058-ah~._.js:4620:24)
    at updateFunctionComponent (http://localhost:3002/_next/static/chunks/node_modules_next_dist_compiled_react-dom_058-ah~._.js:6081:21)
    at beginWork (http://localhost:3002/_next/static/chunks/node_modules_next_dist_compiled_react-dom_058-ah~._.js:6665:639)
    at runWithFiberInDEV (http://localhost:3002/_next/static/chunks/node_modules_next_dist_compiled_react-dom_058-ah~._.js:965:74)
    at performUnitOfWork (http://localhost:3002/_next/static/chunks/node_modules_next_dist_compiled_react-dom_058-ah~._.js:9555:97)
    at workLoopSync (http://localhost:3002/_next/static/chunks/node_modules_next_dist_compiled_react-dom_058-ah~._.js:9449:40)
    at renderRootSync (http://localhost:3002/_next/static/chunks/node_modules_next_dist_compiled_react-dom_058-ah~._.js:9433:13)
    at performWorkOnRoot (http://localhost:3002/_next/static/chunks/node_modules_next_dist_compiled_react-dom_058-ah~._.js:9098:47)
    at performWorkOnRootViaSchedulerTask (http://localhost:3002/_next/static/chunks/node_modules_next_dist_compiled_react-dom_058-ah~._.js:10255:9)
    at MessagePort.performWorkUntilDeadline (http://localhost:3002/_next/static/chunks/node_modules_next_dist_compiled_0rpq4pf._.js:2647:64)
[46578894ms] [WARNING] [Fast Refresh] performing full reload because your application had an unrecoverable error @ http://localhost:3002/_next/static/chunks/node_modules_next_dist_115brz8._.js:2431
[46579740ms] [ERROR] Failed to load resource: the server responded with a status of 500 (Internal Server Error) @ http://localhost:3002/projects/rp-20250059/gantt-demo:0
[46580476ms] ReferenceError: getTaskPath is not defined
    at ProjectGantt (http://localhost:3002/_next/static/chunks/src_09q51.8._.js:3065:30)
    at Object.react_stack_bottom_frame (http://localhost:3002/_next/static/chunks/node_modules_next_dist_compiled_react-dom_058-ah~._.js:15037:24)
    at renderWithHooks (http://localhost:3002/_next/static/chunks/node_modules_next_dist_compiled_react-dom_058-ah~._.js:4620:24)
    at updateFunctionComponent (http://localhost:3002/_next/static/chunks/node_modules_next_dist_compiled_react-dom_058-ah~._.js:6081:21)
    at beginWork (http://localhost:3002/_next/static/chunks/node_modules_next_dist_compiled_react-dom_058-ah~._.js:6665:639)
    at runWithFiberInDEV (http://localhost:3002/_next/static/chunks/node_modules_next_dist_compiled_react-dom_058-ah~._.js:965:74)
    at performUnitOfWork (http://localhost:3002/_next/static/chunks/node_modules_next_dist_compiled_react-dom_058-ah~._.js:9555:97)
    at workLoopSync (http://localhost:3002/_next/static/chunks/node_modules_next_dist_compiled_react-dom_058-ah~._.js:9449:40)
    at renderRootSync (http://localhost:3002/_next/static/chunks/node_modules_next_dist_compiled_react-dom_058-ah~._.js:9433:13)
    at performWorkOnRoot (http://localhost:3002/_next/static/chunks/node_modules_next_dist_compiled_react-dom_058-ah~._.js:9098:47)
    at performWorkOnRootViaSchedulerTask (http://localhost:3002/_next/static/chunks/node_modules_next_dist_compiled_react-dom_058-ah~._.js:10255:9)
    at MessagePort.performWorkUntilDeadline (http://localhost:3002/_next/static/chunks/node_modules_next_dist_compiled_0rpq4pf._.js:2647:64)
[46586835ms] [WARNING] [Fast Refresh] performing full reload because your application had an unrecoverable error @ http://localhost:3002/_next/static/chunks/node_modules_next_dist_115brz8._.js:2431
[46587591ms] [ERROR] Failed to load resource: the server responded with a status of 500 (Internal Server Error) @ http://localhost:3002/projects/rp-20250059/gantt-demo:0
[46588233ms] ReferenceError: getTaskPath is not defined
    at ProjectGantt (http://localhost:3002/_next/static/chunks/src_09q51.8._.js:3065:30)
    at Object.react_stack_bottom_frame (http://localhost:3002/_next/static/chunks/node_modules_next_dist_compiled_react-dom_058-ah~._.js:15037:24)
    at renderWithHooks (http://localhost:3002/_next/static/chunks/node_modules_next_dist_compiled_react-dom_058-ah~._.js:4620:24)
    at updateFunctionComponent (http://localhost:3002/_next/static/chunks/node_modules_next_dist_compiled_react-dom_058-ah~._.js:6081:21)
    at beginWork (http://localhost:3002/_next/static/chunks/node_modules_next_dist_compiled_react-dom_058-ah~._.js:6665:639)
    at runWithFiberInDEV (http://localhost:3002/_next/static/chunks/node_modules_next_dist_compiled_react-dom_058-ah~._.js:965:74)
    at performUnitOfWork (http://localhost:3002/_next/static/chunks/node_modules_next_dist_compiled_react-dom_058-ah~._.js:9555:97)
    at workLoopSync (http://localhost:3002/_next/static/chunks/node_modules_next_dist_compiled_react-dom_058-ah~._.js:9449:40)
    at renderRootSync (http://localhost:3002/_next/static/chunks/node_modules_next_dist_compiled_react-dom_058-ah~._.js:9433:13)
    at performWorkOnRoot (http://localhost:3002/_next/static/chunks/node_modules_next_dist_compiled_react-dom_058-ah~._.js:9098:47)
    at performWorkOnRootViaSchedulerTask (http://localhost:3002/_next/static/chunks/node_modules_next_dist_compiled_react-dom_058-ah~._.js:10255:9)
    at MessagePort.performWorkUntilDeadline (http://localhost:3002/_next/static/chunks/node_modules_next_dist_compiled_0rpq4pf._.js:2647:64)
[46595150ms] [WARNING] [Fast Refresh] performing full reload because your application had an unrecoverable error @ http://localhost:3002/_next/static/chunks/node_modules_next_dist_115brz8._.js:2431
