[ 6395828ms] [ERROR] WebSocket connection to 'ws://localhost:3002/_next/webpack-hmr?id=6vUTWoz8yNu92w5mwU6jD' failed: Error in connection establishment: net::ERR_CONNECTION_REFUSED @ http://localhost:3002/_next/static/chunks/node_modules_next_dist_client_0fhqo1d._.js:13299
[ 6396831ms] [ERROR] WebSocket connection to 'ws://localhost:3002/_next/webpack-hmr?id=6vUTWoz8yNu92w5mwU6jD' failed: Error in connection establishment: net::ERR_CONNECTION_REFUSED @ http://localhost:3002/_next/static/chunks/node_modules_next_dist_client_0fhqo1d._.js:13299
[ 6397834ms] [ERROR] WebSocket connection to 'ws://localhost:3002/_next/webpack-hmr?id=6vUTWoz8yNu92w5mwU6jD' failed: Error in connection establishment: net::ERR_CONNECTION_REFUSED @ http://localhost:3002/_next/static/chunks/node_modules_next_dist_client_0fhqo1d._.js:13299
[ 6398836ms] [ERROR] WebSocket connection to 'ws://localhost:3002/_next/webpack-hmr?id=6vUTWoz8yNu92w5mwU6jD' failed: Error in connection establishment: net::ERR_CONNECTION_REFUSED @ http://localhost:3002/_next/static/chunks/node_modules_next_dist_client_0fhqo1d._.js:13299
[ 6399840ms] [ERROR] WebSocket connection to 'ws://localhost:3002/_next/webpack-hmr?id=6vUTWoz8yNu92w5mwU6jD' failed: Error in connection establishment: net::ERR_CONNECTION_REFUSED @ http://localhost:3002/_next/static/chunks/node_modules_next_dist_client_0fhqo1d._.js:13299
[ 6404842ms] [ERROR] WebSocket connection to 'ws://localhost:3002/_next/webpack-hmr?id=6vUTWoz8yNu92w5mwU6jD' failed: Error in connection establishment: net::ERR_CONNECTION_REFUSED @ http://localhost:3002/_next/static/chunks/node_modules_next_dist_client_0fhqo1d._.js:13299
[ 6409851ms] [ERROR] WebSocket connection to 'ws://localhost:3002/_next/webpack-hmr?id=6vUTWoz8yNu92w5mwU6jD' failed: Error in connection establishment: net::ERR_CONNECTION_REFUSED @ http://localhost:3002/_next/static/chunks/node_modules_next_dist_client_0fhqo1d._.js:13299
[ 6414862ms] [ERROR] WebSocket connection to 'ws://localhost:3002/_next/webpack-hmr?id=6vUTWoz8yNu92w5mwU6jD' failed: Error in connection establishment: net::ERR_CONNECTION_REFUSED @ http://localhost:3002/_next/static/chunks/node_modules_next_dist_client_0fhqo1d._.js:13299
[ 6419874ms] [ERROR] WebSocket connection to 'ws://localhost:3002/_next/webpack-hmr?id=6vUTWoz8yNu92w5mwU6jD' failed: Error in connection establishment: net::ERR_CONNECTION_REFUSED @ http://localhost:3002/_next/static/chunks/node_modules_next_dist_client_0fhqo1d._.js:13299
[ 6424922ms] [ERROR] WebSocket connection to 'ws://localhost:3002/_next/webpack-hmr?id=6vUTWoz8yNu92w5mwU6jD' failed: Error in connection establishment: net::ERR_CONNECTION_REFUSED @ http://localhost:3002/_next/static/chunks/node_modules_next_dist_client_0fhqo1d._.js:13299
[ 6430018ms] [ERROR] WebSocket connection to 'ws://localhost:3002/_next/webpack-hmr?id=6vUTWoz8yNu92w5mwU6jD' failed: Error in connection establishment: net::ERR_CONNECTION_REFUSED @ http://localhost:3002/_next/static/chunks/node_modules_next_dist_client_0fhqo1d._.js:13299
[ 6435313ms] [ERROR] WebSocket connection to 'ws://localhost:3002/_next/webpack-hmr?id=6vUTWoz8yNu92w5mwU6jD' failed: Error in connection establishment: net::ERR_CONNECTION_REFUSED @ http://localhost:3002/_next/static/chunks/node_modules_next_dist_client_0fhqo1d._.js:13299
[ 6551166ms] [ERROR] WebSocket connection to 'ws://localhost:3002/_next/webpack-hmr?id=xDZYagvxuPBxy_ExmNMYl' failed: Error in connection establishment: net::ERR_CONNECTION_REFUSED @ http://localhost:3002/_next/static/chunks/node_modules_next_dist_client_0fhqo1d._.js:13299
[ 6552170ms] [ERROR] WebSocket connection to 'ws://localhost:3002/_next/webpack-hmr?id=xDZYagvxuPBxy_ExmNMYl' failed: Error in connection establishment: net::ERR_CONNECTION_REFUSED @ http://localhost:3002/_next/static/chunks/node_modules_next_dist_client_0fhqo1d._.js:13299
[ 6553173ms] [ERROR] WebSocket connection to 'ws://localhost:3002/_next/webpack-hmr?id=xDZYagvxuPBxy_ExmNMYl' failed: Error in connection establishment: net::ERR_CONNECTION_REFUSED @ http://localhost:3002/_next/static/chunks/node_modules_next_dist_client_0fhqo1d._.js:13299
[ 6554175ms] [ERROR] WebSocket connection to 'ws://localhost:3002/_next/webpack-hmr?id=xDZYagvxuPBxy_ExmNMYl' failed: Error in connection establishment: net::ERR_CONNECTION_REFUSED @ http://localhost:3002/_next/static/chunks/node_modules_next_dist_client_0fhqo1d._.js:13299
[ 6555176ms] [ERROR] WebSocket connection to 'ws://localhost:3002/_next/webpack-hmr?id=xDZYagvxuPBxy_ExmNMYl' failed: Error in connection establishment: net::ERR_CONNECTION_REFUSED @ http://localhost:3002/_next/static/chunks/node_modules_next_dist_client_0fhqo1d._.js:13299
[ 7313388ms] [ERROR] ./src/app/projects/rp-20250059/gantt-demo/page.tsx:2:1
Module not found: Can't resolve '@/components/gantt/project-gantt'
  1 | import { AppShell } from "@/components/mockup/app-shell";
> 2 | import { ProjectGantt } from "@/components/gantt/project-gantt";
    | ^^^^^^^^^^^^^^^^^^^^^^^^^^^^^^^^^^^^^^^^^^^^^^^^^^^^^^^^^^^^^^^^
  3 | import { createDemoProject } from "@/lib/gantt/demo-project";
  4 |
  5 | export default function GanttDemoPage() {

Import map: aliased to relative './src/components/gantt/project-gantt' inside of [project]/

https://nextjs.org/docs/messages/module-not-found @ http://localhost:3002/_next/static/chunks/node_modules_next_dist_115brz8._.js:3272
[ 7313491ms] [ERROR] ./src/app/projects/rp-20250059/gantt-demo/page.tsx:2:1
Module not found: Can't resolve '@/components/gantt/project-gantt'
  1 | import { AppShell } from "@/components/mockup/app-shell";
> 2 | import { ProjectGantt } from "@/components/gantt/project-gantt";
    | ^^^^^^^^^^^^^^^^^^^^^^^^^^^^^^^^^^^^^^^^^^^^^^^^^^^^^^^^^^^^^^^^
  3 | import { createDemoProject } from "@/lib/gantt/demo-project";
  4 |
  5 | export default function GanttDemoPage() {

Import map: aliased to relative './src/components/gantt/project-gantt' inside of [project]/

https://nextjs.org/docs/messages/module-not-found @ http://localhost:3002/_next/static/chunks/node_modules_next_dist_115brz8._.js:3272
[ 7314163ms] [ERROR] ./src/app/projects/rp-20250059/gantt-demo/page.tsx:2:1
Module not found: Can't resolve '@/components/gantt/project-gantt'
  1 | import { AppShell } from "@/components/mockup/app-shell";
> 2 | import { ProjectGantt } from "@/components/gantt/project-gantt";
    | ^^^^^^^^^^^^^^^^^^^^^^^^^^^^^^^^^^^^^^^^^^^^^^^^^^^^^^^^^^^^^^^^
  3 | import { createDemoProject } from "@/lib/gantt/demo-project";
  4 |
  5 | export default function GanttDemoPage() {

Import map: aliased to relative './src/components/gantt/project-gantt' inside of [project]/

https://nextjs.org/docs/messages/module-not-found @ http://localhost:3002/_next/static/chunks/node_modules_next_dist_115brz8._.js:3272
[ 7314187ms] [ERROR] Failed to load resource: the server responded with a status of 500 (Internal Server Error) @ http://localhost:3002/projects/rp-20250059/gantt-demo?_rsc=1q2am:0
[ 7314241ms] [ERROR] ./src/app/projects/rp-20250059/gantt-demo/page.tsx:2:1
Module not found: Can't resolve '@/components/gantt/project-gantt'
  1 | import { AppShell } from "@/components/mockup/app-shell";
> 2 | import { ProjectGantt } from "@/components/gantt/project-gantt";
    | ^^^^^^^^^^^^^^^^^^^^^^^^^^^^^^^^^^^^^^^^^^^^^^^^^^^^^^^^^^^^^^^^
  3 | import { createDemoProject } from "@/lib/gantt/demo-project";
  4 |
  5 | export default function GanttDemoPage() {

Import map: aliased to relative './src/components/gantt/project-gantt' inside of [project]/

https://nextjs.org/docs/messages/module-not-found @ http://localhost:3002/_next/static/chunks/node_modules_next_dist_115brz8._.js:3272
[ 7314384ms] [ERROR] ./src/app/projects/rp-20250059/gantt-demo/page.tsx:2:1
Module not found: Can't resolve '@/components/gantt/project-gantt'
  1 | import { AppShell } from "@/components/mockup/app-shell";
> 2 | import { ProjectGantt } from "@/components/gantt/project-gantt";
    | ^^^^^^^^^^^^^^^^^^^^^^^^^^^^^^^^^^^^^^^^^^^^^^^^^^^^^^^^^^^^^^^^
  3 | import { createDemoProject } from "@/lib/gantt/demo-project";
  4 |
  5 | export default function GanttDemoPage() {

Import map: aliased to relative './src/components/gantt/project-gantt' inside of [project]/

https://nextjs.org/docs/messages/module-not-found @ http://localhost:3002/_next/static/chunks/node_modules_next_dist_115brz8._.js:3272
[ 7314412ms] [ERROR] ./src/app/projects/rp-20250059/gantt-demo/page.tsx:2:1
Module not found: Can't resolve '@/components/gantt/project-gantt'
  1 | import { AppShell } from "@/components/mockup/app-shell";
> 2 | import { ProjectGantt } from "@/components/gantt/project-gantt";
    | ^^^^^^^^^^^^^^^^^^^^^^^^^^^^^^^^^^^^^^^^^^^^^^^^^^^^^^^^^^^^^^^^
  3 | import { createDemoProject } from "@/lib/gantt/demo-project";
  4 |
  5 | export default function GanttDemoPage() {

Import map: aliased to relative './src/components/gantt/project-gantt' inside of [project]/

https://nextjs.org/docs/messages/module-not-found @ http://localhost:3002/_next/static/chunks/node_modules_next_dist_115brz8._.js:3272
[ 7314673ms] [ERROR] ./src/app/projects/rp-20250059/gantt-demo/page.tsx:2:1
Module not found: Can't resolve '@/components/gantt/project-gantt'
  1 | import { AppShell } from "@/components/mockup/app-shell";
> 2 | import { ProjectGantt } from "@/components/gantt/project-gantt";
    | ^^^^^^^^^^^^^^^^^^^^^^^^^^^^^^^^^^^^^^^^^^^^^^^^^^^^^^^^^^^^^^^^
  3 | import { createDemoProject } from "@/lib/gantt/demo-project";
  4 |
  5 | export default function GanttDemoPage() {

Import map: aliased to relative './src/components/gantt/project-gantt' inside of [project]/

https://nextjs.org/docs/messages/module-not-found @ http://localhost:3002/_next/static/chunks/node_modules_next_dist_115brz8._.js:3272
[ 7314686ms] [ERROR] ./src/app/projects/rp-20250059/gantt-demo/page.tsx:2:1
Module not found: Can't resolve '@/components/gantt/project-gantt'
  1 | import { AppShell } from "@/components/mockup/app-shell";
> 2 | import { ProjectGantt } from "@/components/gantt/project-gantt";
    | ^^^^^^^^^^^^^^^^^^^^^^^^^^^^^^^^^^^^^^^^^^^^^^^^^^^^^^^^^^^^^^^^
  3 | import { createDemoProject } from "@/lib/gantt/demo-project";
  4 |
  5 | export default function GanttDemoPage() {

Import map: aliased to relative './src/components/gantt/project-gantt' inside of [project]/

https://nextjs.org/docs/messages/module-not-found @ http://localhost:3002/_next/static/chunks/node_modules_next_dist_115brz8._.js:3272
[ 7314785ms] [ERROR] ./src/app/projects/rp-20250059/gantt-demo/page.tsx:2:1
Module not found: Can't resolve '@/components/gantt/project-gantt'
  1 | import { AppShell } from "@/components/mockup/app-shell";
> 2 | import { ProjectGantt } from "@/components/gantt/project-gantt";
    | ^^^^^^^^^^^^^^^^^^^^^^^^^^^^^^^^^^^^^^^^^^^^^^^^^^^^^^^^^^^^^^^^
  3 | import { createDemoProject } from "@/lib/gantt/demo-project";
  4 |
  5 | export default function GanttDemoPage() {

Import map: aliased to relative './src/components/gantt/project-gantt' inside of [project]/

https://nextjs.org/docs/messages/module-not-found @ http://localhost:3002/_next/static/chunks/node_modules_next_dist_115brz8._.js:3272
[ 7314947ms] [ERROR] ./src/app/projects/rp-20250059/gantt-demo/page.tsx:2:1
Module not found: Can't resolve '@/components/gantt/project-gantt'
  1 | import { AppShell } from "@/components/mockup/app-shell";
> 2 | import { ProjectGantt } from "@/components/gantt/project-gantt";
    | ^^^^^^^^^^^^^^^^^^^^^^^^^^^^^^^^^^^^^^^^^^^^^^^^^^^^^^^^^^^^^^^^
  3 | import { createDemoProject } from "@/lib/gantt/demo-project";
  4 |
  5 | export default function GanttDemoPage() {

Import map: aliased to relative './src/components/gantt/project-gantt' inside of [project]/

https://nextjs.org/docs/messages/module-not-found @ http://localhost:3002/_next/static/chunks/node_modules_next_dist_115brz8._.js:3272
[ 7314973ms] [ERROR] Failed to load resource: the server responded with a status of 500 (Internal Server Error) @ http://localhost:3002/projects/rp-20250059/gantt-demo?_rsc=1q2am:0
[ 7315027ms] [ERROR] ./src/app/projects/rp-20250059/gantt-demo/page.tsx:2:1
Module not found: Can't resolve '@/components/gantt/project-gantt'
  1 | import { AppShell } from "@/components/mockup/app-shell";
> 2 | import { ProjectGantt } from "@/components/gantt/project-gantt";
    | ^^^^^^^^^^^^^^^^^^^^^^^^^^^^^^^^^^^^^^^^^^^^^^^^^^^^^^^^^^^^^^^^
  3 | import { createDemoProject } from "@/lib/gantt/demo-project";
  4 |
  5 | export default function GanttDemoPage() {

Import map: aliased to relative './src/components/gantt/project-gantt' inside of [project]/

https://nextjs.org/docs/messages/module-not-found @ http://localhost:3002/_next/static/chunks/node_modules_next_dist_115brz8._.js:3272
[ 7315118ms] [ERROR] ./src/app/projects/rp-20250059/gantt-demo/page.tsx:2:1
Module not found: Can't resolve '@/components/gantt/project-gantt'
  1 | import { AppShell } from "@/components/mockup/app-shell";
> 2 | import { ProjectGantt } from "@/components/gantt/project-gantt";
    | ^^^^^^^^^^^^^^^^^^^^^^^^^^^^^^^^^^^^^^^^^^^^^^^^^^^^^^^^^^^^^^^^
  3 | import { createDemoProject } from "@/lib/gantt/demo-project";
  4 |
  5 | export default function GanttDemoPage() {

Import map: aliased to relative './src/components/gantt/project-gantt' inside of [project]/

https://nextjs.org/docs/messages/module-not-found @ http://localhost:3002/_next/static/chunks/node_modules_next_dist_115brz8._.js:3272
[ 7315187ms] [ERROR] Failed to load resource: the server responded with a status of 500 (Internal Server Error) @ http://localhost:3002/projects/rp-20250059/gantt-demo:0
[ 7316341ms] Error: ./src/app/projects/rp-20250059/gantt-demo/page.tsx:2:1
Module not found: Can't resolve '@/components/gantt/project-gantt'
  1 | import { AppShell } from "@/components/mockup/app-shell";
> 2 | import { ProjectGantt } from "@/components/gantt/project-gantt";
    | ^^^^^^^^^^^^^^^^^^^^^^^^^^^^^^^^^^^^^^^^^^^^^^^^^^^^^^^^^^^^^^^^
  3 | import { createDemoProject } from "@/lib/gantt/demo-project";
  4 |
  5 | export default function GanttDemoPage() {

Import map: aliased to relative './src/components/gantt/project-gantt' inside of [project]/


https://nextjs.org/docs/messages/module-not-found


    at <unknown> (Error: ./src/app/projects/rp-20250059/gantt-demo/page.tsx:2:1)
    at <unknown> (https://nextjs.org/docs/messages/module-not-found)
    at Object.getCompilationErrors (file:///home/ubuntu/mockup-towngascpim/web/node_modules/next/dist/server/dev/hot-reloader-turbopack.js:1189:59)
    at DevBundlerService.getCompilationError (file:///home/ubuntu/mockup-towngascpim/web/node_modules/next/dist/server/lib/dev-bundler-service.js:44:55)
    at DevServer.getCompilationError (file:///home/ubuntu/mockup-towngascpim/web/node_modules/next/dist/server/dev/next-dev-server.js:719:42)
    at DevServer.findPageComponents (file:///home/ubuntu/mockup-towngascpim/web/node_modules/next/dist/server/dev/next-dev-server.js:689:43)
    at async DevServer.renderErrorToResponseImpl (file:///home/ubuntu/mockup-towngascpim/web/node_modules/next/dist/server/base-server.js:1745:26)
[ 7316338ms] [ERROR] ./src/app/projects/rp-20250059/gantt-demo/page.tsx:2:1
Module not found: Can't resolve '@/components/gantt/project-gantt'
  1 | import { AppShell } from "@/components/mockup/app-shell";
> 2 | import { ProjectGantt } from "@/components/gantt/project-gantt";
    | ^^^^^^^^^^^^^^^^^^^^^^^^^^^^^^^^^^^^^^^^^^^^^^^^^^^^^^^^^^^^^^^^
  3 | import { createDemoProject } from "@/lib/gantt/demo-project";
  4 |
  5 | export default function GanttDemoPage() {

Import map: aliased to relative './src/components/gantt/project-gantt' inside of [project]/

https://nextjs.org/docs/messages/module-not-found @ http://localhost:3002/_next/static/chunks/node_modules_next_dist_0u_w_5s._.js:1945
[ 7316339ms] [ERROR] ./src/app/projects/rp-20250059/gantt-demo/page.tsx:2:1
Module not found: Can't resolve '@/components/gantt/project-gantt'
  1 | import { AppShell } from "@/components/mockup/app-shell";
> 2 | import { ProjectGantt } from "@/components/gantt/project-gantt";
    | ^^^^^^^^^^^^^^^^^^^^^^^^^^^^^^^^^^^^^^^^^^^^^^^^^^^^^^^^^^^^^^^^
  3 | import { createDemoProject } from "@/lib/gantt/demo-project";
  4 |
  5 | export default function GanttDemoPage() {

Import map: aliased to relative './src/components/gantt/project-gantt' inside of [project]/

https://nextjs.org/docs/messages/module-not-found @ http://localhost:3002/_next/static/chunks/node_modules_next_dist_0u_w_5s._.js:1945
[ 7316454ms] [ERROR] ./src/app/projects/rp-20250059/gantt-demo/page.tsx:2:1
Module not found: Can't resolve '@/components/gantt/project-gantt'
  1 | import { AppShell } from "@/components/mockup/app-shell";
> 2 | import { ProjectGantt } from "@/components/gantt/project-gantt";
    | ^^^^^^^^^^^^^^^^^^^^^^^^^^^^^^^^^^^^^^^^^^^^^^^^^^^^^^^^^^^^^^^^
  3 | import { createDemoProject } from "@/lib/gantt/demo-project";
  4 |
  5 | export default function GanttDemoPage() {

Import map: aliased to relative './src/components/gantt/project-gantt' inside of [project]/

https://nextjs.org/docs/messages/module-not-found @ http://localhost:3002/_next/static/chunks/node_modules_next_dist_0u_w_5s._.js:1945
[ 7317760ms] [ERROR] ./src/app/projects/rp-20250059/gantt-demo/page.tsx:2:1
Module not found: Can't resolve '@/components/gantt/project-gantt'
  1 | import { AppShell } from "@/components/mockup/app-shell";
> 2 | import { ProjectGantt } from "@/components/gantt/project-gantt";
    | ^^^^^^^^^^^^^^^^^^^^^^^^^^^^^^^^^^^^^^^^^^^^^^^^^^^^^^^^^^^^^^^^
  3 | import { createDemoProject } from "@/lib/gantt/demo-project";
  4 |
  5 | export default function GanttDemoPage() {

Import map: aliased to relative './src/components/gantt/project-gantt' inside of [project]/

https://nextjs.org/docs/messages/module-not-found @ http://localhost:3002/_next/static/chunks/node_modules_next_dist_0u_w_5s._.js:1945
[ 7536066ms] [ERROR] The final argument passed to %s changed size between renders. The order and size of this array must remain constant.

Previous: %s
Incoming: %s useEffect [function() {
            if ((executionContext & RenderContext) !== NoContext) throw Error("A function wrapped in useEffectEvent can't be called during rendering.");
            return ref.impl.apply(void 0, arguments);
        }, function() {
            if ((executionContext & RenderContext) !== NoContext) throw Error("A function wrapped in useEffectEvent can't be called during rendering.");
            return ref.impl.apply(void 0, arguments);
        }] [] @ http://localhost:3002/_next/static/chunks/node_modules_next_dist_115brz8._.js:3272
[38078168ms] [ERROR] WebSocket connection to 'ws://localhost:3002/_next/webpack-hmr?id=WI9UHOq1mujzrKPWGIWPi' failed: Error in connection establishment: net::ERR_CONNECTION_REFUSED @ http://localhost:3002/_next/static/chunks/node_modules_next_dist_client_0fhqo1d._.js:13299
[38079170ms] [ERROR] WebSocket connection to 'ws://localhost:3002/_next/webpack-hmr?id=WI9UHOq1mujzrKPWGIWPi' failed: Error in connection establishment: net::ERR_CONNECTION_REFUSED @ http://localhost:3002/_next/static/chunks/node_modules_next_dist_client_0fhqo1d._.js:13299
[38080172ms] [ERROR] WebSocket connection to 'ws://localhost:3002/_next/webpack-hmr?id=WI9UHOq1mujzrKPWGIWPi' failed: Error in connection establishment: net::ERR_CONNECTION_REFUSED @ http://localhost:3002/_next/static/chunks/node_modules_next_dist_client_0fhqo1d._.js:13299
[41546025ms] ReferenceError: getDefaultColumnWidths is not defined
    at ProjectGantt (http://localhost:3002/_next/static/chunks/src_09q51.8._.js?id=%255Bproject%255D%252Fsrc%252Fcomponents%252Fgantt%252Fproject-gantt.tsx+%255Bapp-client%255D+%2528ecmascript%2529:91:220)
    at Object.react_stack_bottom_frame (http://localhost:3002/_next/static/chunks/node_modules_next_dist_compiled_react-dom_058-ah~._.js:15037:24)
    at renderWithHooks (http://localhost:3002/_next/static/chunks/node_modules_next_dist_compiled_react-dom_058-ah~._.js:4620:24)
    at updateFunctionComponent (http://localhost:3002/_next/static/chunks/node_modules_next_dist_compiled_react-dom_058-ah~._.js:6081:21)
    at beginWork (http://localhost:3002/_next/static/chunks/node_modules_next_dist_compiled_react-dom_058-ah~._.js:6691:24)
    at runWithFiberInDEV (http://localhost:3002/_next/static/chunks/node_modules_next_dist_compiled_react-dom_058-ah~._.js:965:74)
    at performUnitOfWork (http://localhost:3002/_next/static/chunks/node_modules_next_dist_compiled_react-dom_058-ah~._.js:9555:97)
    at workLoopSync (http://localhost:3002/_next/static/chunks/node_modules_next_dist_compiled_react-dom_058-ah~._.js:9449:40)
    at renderRootSync (http://localhost:3002/_next/static/chunks/node_modules_next_dist_compiled_react-dom_058-ah~._.js:9433:13)
    at performWorkOnRoot (http://localhost:3002/_next/static/chunks/node_modules_next_dist_compiled_react-dom_058-ah~._.js:9098:47)
    at performSyncWorkOnRoot (http://localhost:3002/_next/static/chunks/node_modules_next_dist_compiled_react-dom_058-ah~._.js:10263:9)
    at flushSyncWorkAcrossRoots_impl (http://localhost:3002/_next/static/chunks/node_modules_next_dist_compiled_react-dom_058-ah~._.js:10179:316)
    at flushSyncWork$1 (http://localhost:3002/_next/static/chunks/node_modules_next_dist_compiled_react-dom_058-ah~._.js:9230:86)
    at Object.scheduleRefresh (http://localhost:3002/_next/static/chunks/node_modules_next_dist_compiled_react-dom_058-ah~._.js:299:13)
    at http://localhost:3002/_next/static/chunks/node_modules_next_dist_compiled_0rpq4pf._.js:391:33
    at Set.forEach (<anonymous>)
    at Object.performReactRefresh (http://localhost:3002/_next/static/chunks/node_modules_next_dist_compiled_0rpq4pf._.js:384:38)
    at applyUpdate (http://localhost:3002/_next/static/chunks/node_modules_next_dist_compiled_0rpq4pf._.js:878:31)
    at http://localhost:3002/_next/static/chunks/node_modules_next_dist_compiled_0rpq4pf._.js:886:13
[41558677ms] [WARNING] [Fast Refresh] performing full reload because your application had an unrecoverable error @ http://localhost:3002/_next/static/chunks/node_modules_next_dist_115brz8._.js:2431
[41559357ms] ReferenceError: getDefaultColumnWidths is not defined
    at ProjectGantt (http://localhost:3002/_next/static/chunks/src_09q51.8._.js?id=%255Bproject%255D%252Fsrc%252Fcomponents%252Fgantt%252Fproject-gantt.tsx+%255Bapp-client%255D+%2528ecmascript%2529:91:220)
    at Object.react_stack_bottom_frame (http://localhost:3002/_next/static/chunks/node_modules_next_dist_compiled_react-dom_058-ah~._.js:15037:24)
    at renderWithHooks (http://localhost:3002/_next/static/chunks/node_modules_next_dist_compiled_react-dom_058-ah~._.js:4620:24)
    at updateFunctionComponent (http://localhost:3002/_next/static/chunks/node_modules_next_dist_compiled_react-dom_058-ah~._.js:6081:21)
    at beginWork (http://localhost:3002/_next/static/chunks/node_modules_next_dist_compiled_react-dom_058-ah~._.js:6665:639)
    at runWithFiberInDEV (http://localhost:3002/_next/static/chunks/node_modules_next_dist_compiled_react-dom_058-ah~._.js:965:74)
    at performUnitOfWork (http://localhost:3002/_next/static/chunks/node_modules_next_dist_compiled_react-dom_058-ah~._.js:9555:97)
    at workLoopSync (http://localhost:3002/_next/static/chunks/node_modules_next_dist_compiled_react-dom_058-ah~._.js:9449:40)
    at renderRootSync (http://localhost:3002/_next/static/chunks/node_modules_next_dist_compiled_react-dom_058-ah~._.js:9433:13)
    at performWorkOnRoot (http://localhost:3002/_next/static/chunks/node_modules_next_dist_compiled_react-dom_058-ah~._.js:9098:47)
    at performSyncWorkOnRoot (http://localhost:3002/_next/static/chunks/node_modules_next_dist_compiled_react-dom_058-ah~._.js:10263:9)
    at flushSyncWorkAcrossRoots_impl (http://localhost:3002/_next/static/chunks/node_modules_next_dist_compiled_react-dom_058-ah~._.js:10179:316)
    at flushSyncWork$1 (http://localhost:3002/_next/static/chunks/node_modules_next_dist_compiled_react-dom_058-ah~._.js:9230:86)
    at Object.scheduleRefresh (http://localhost:3002/_next/static/chunks/node_modules_next_dist_compiled_react-dom_058-ah~._.js:299:13)
    at http://localhost:3002/_next/static/chunks/node_modules_next_dist_compiled_0rpq4pf._.js:391:33
    at Set.forEach (<anonymous>)
    at Object.performReactRefresh (http://localhost:3002/_next/static/chunks/node_modules_next_dist_compiled_0rpq4pf._.js:384:38)
    at applyUpdate (http://localhost:3002/_next/static/chunks/node_modules_next_dist_compiled_0rpq4pf._.js:878:31)
    at http://localhost:3002/_next/static/chunks/node_modules_next_dist_compiled_0rpq4pf._.js:886:13
[41559748ms] [ERROR] Failed to load resource: the server responded with a status of 500 (Internal Server Error) @ http://localhost:3002/projects/rp-20250059/gantt-demo:0
[41560704ms] ReferenceError: getDefaultColumnWidths is not defined
    at ProjectGantt (http://localhost:3002/_next/static/chunks/src_09q51.8._.js:2859:206)
    at Object.react_stack_bottom_frame (http://localhost:3002/_next/static/chunks/node_modules_next_dist_compiled_react-dom_058-ah~._.js:15037:24)
    at renderWithHooks (http://localhost:3002/_next/static/chunks/node_modules_next_dist_compiled_react-dom_058-ah~._.js:4620:24)
    at updateFunctionComponent (http://localhost:3002/_next/static/chunks/node_modules_next_dist_compiled_react-dom_058-ah~._.js:6081:21)
    at beginWork (http://localhost:3002/_next/static/chunks/node_modules_next_dist_compiled_react-dom_058-ah~._.js:6665:639)
    at runWithFiberInDEV (http://localhost:3002/_next/static/chunks/node_modules_next_dist_compiled_react-dom_058-ah~._.js:965:74)
    at performUnitOfWork (http://localhost:3002/_next/static/chunks/node_modules_next_dist_compiled_react-dom_058-ah~._.js:9555:97)
    at workLoopSync (http://localhost:3002/_next/static/chunks/node_modules_next_dist_compiled_react-dom_058-ah~._.js:9449:40)
    at renderRootSync (http://localhost:3002/_next/static/chunks/node_modules_next_dist_compiled_react-dom_058-ah~._.js:9433:13)
    at performWorkOnRoot (http://localhost:3002/_next/static/chunks/node_modules_next_dist_compiled_react-dom_058-ah~._.js:9098:47)
    at performWorkOnRootViaSchedulerTask (http://localhost:3002/_next/static/chunks/node_modules_next_dist_compiled_react-dom_058-ah~._.js:10255:9)
    at MessagePort.performWorkUntilDeadline (http://localhost:3002/_next/static/chunks/node_modules_next_dist_compiled_0rpq4pf._.js:2647:64)
[41567172ms] [WARNING] [Fast Refresh] performing full reload because your application had an unrecoverable error @ http://localhost:3002/_next/static/chunks/node_modules_next_dist_115brz8._.js:2431
[42754738ms] ReferenceError: recalculateAutoSchedule is not defined
    at prepareTaskCollection (http://localhost:3002/_next/static/chunks/src_09q51.8._.js?id=%255Bproject%255D%252Fsrc%252Fcomponents%252Fgantt%252Fproject-gantt.tsx+%255Bapp-client%255D+%2528ecmascript%2529:2455:28)
    at hydrateProject (http://localhost:3002/_next/static/chunks/src_09q51.8._.js?id=%255Bproject%255D%252Fsrc%252Fcomponents%252Fgantt%252Fproject-gantt.tsx+%255Bapp-client%255D+%2528ecmascript%2529:2241:19)
    at ProjectGantt (http://localhost:3002/_next/static/chunks/src_09q51.8._.js?id=%255Bproject%255D%252Fsrc%252Fcomponents%252Fgantt%252Fproject-gantt.tsx+%255Bapp-client%255D+%2528ecmascript%2529:80:27)
    at Object.react_stack_bottom_frame (http://localhost:3002/_next/static/chunks/node_modules_next_dist_compiled_react-dom_058-ah~._.js:15037:24)
    at renderWithHooks (http://localhost:3002/_next/static/chunks/node_modules_next_dist_compiled_react-dom_058-ah~._.js:4620:24)
    at updateFunctionComponent (http://localhost:3002/_next/static/chunks/node_modules_next_dist_compiled_react-dom_058-ah~._.js:6081:21)
    at beginWork (http://localhost:3002/_next/static/chunks/node_modules_next_dist_compiled_react-dom_058-ah~._.js:6691:24)
    at runWithFiberInDEV (http://localhost:3002/_next/static/chunks/node_modules_next_dist_compiled_react-dom_058-ah~._.js:965:74)
    at performUnitOfWork (http://localhost:3002/_next/static/chunks/node_modules_next_dist_compiled_react-dom_058-ah~._.js:9555:97)
    at workLoopSync (http://localhost:3002/_next/static/chunks/node_modules_next_dist_compiled_react-dom_058-ah~._.js:9449:40)
    at renderRootSync (http://localhost:3002/_next/static/chunks/node_modules_next_dist_compiled_react-dom_058-ah~._.js:9433:13)
    at performWorkOnRoot (http://localhost:3002/_next/static/chunks/node_modules_next_dist_compiled_react-dom_058-ah~._.js:9098:47)
    at performSyncWorkOnRoot (http://localhost:3002/_next/static/chunks/node_modules_next_dist_compiled_react-dom_058-ah~._.js:10263:9)
    at flushSyncWorkAcrossRoots_impl (http://localhost:3002/_next/static/chunks/node_modules_next_dist_compiled_react-dom_058-ah~._.js:10179:316)
    at flushSyncWork$1 (http://localhost:3002/_next/static/chunks/node_modules_next_dist_compiled_react-dom_058-ah~._.js:9230:86)
    at Object.scheduleRefresh (http://localhost:3002/_next/static/chunks/node_modules_next_dist_compiled_react-dom_058-ah~._.js:299:13)
    at http://localhost:3002/_next/static/chunks/node_modules_next_dist_compiled_0rpq4pf._.js:391:33
    at Set.forEach (<anonymous>)
    at Object.performReactRefresh (http://localhost:3002/_next/static/chunks/node_modules_next_dist_compiled_0rpq4pf._.js:384:38)
    at applyUpdate (http://localhost:3002/_next/static/chunks/node_modules_next_dist_compiled_0rpq4pf._.js:878:31)
    at http://localhost:3002/_next/static/chunks/node_modules_next_dist_compiled_0rpq4pf._.js:886:13
[42770420ms] [WARNING] [Fast Refresh] performing full reload because your application had an unrecoverable error @ http://localhost:3002/_next/static/chunks/node_modules_next_dist_115brz8._.js:2431
[42770948ms] ReferenceError: recalculateAutoSchedule is not defined
    at prepareTaskCollection (http://localhost:3002/_next/static/chunks/src_09q51.8._.js?id=%255Bproject%255D%252Fsrc%252Fcomponents%252Fgantt%252Fproject-gantt.tsx+%255Bapp-client%255D+%2528ecmascript%2529:2455:28)
    at hydrateProject (http://localhost:3002/_next/static/chunks/src_09q51.8._.js?id=%255Bproject%255D%252Fsrc%252Fcomponents%252Fgantt%252Fproject-gantt.tsx+%255Bapp-client%255D+%2528ecmascript%2529:2241:19)
    at ProjectGantt (http://localhost:3002/_next/static/chunks/src_09q51.8._.js?id=%255Bproject%255D%252Fsrc%252Fcomponents%252Fgantt%252Fproject-gantt.tsx+%255Bapp-client%255D+%2528ecmascript%2529:80:27)
    at Object.react_stack_bottom_frame (http://localhost:3002/_next/static/chunks/node_modules_next_dist_compiled_react-dom_058-ah~._.js:15037:24)
    at renderWithHooks (http://localhost:3002/_next/static/chunks/node_modules_next_dist_compiled_react-dom_058-ah~._.js:4620:24)
    at updateFunctionComponent (http://localhost:3002/_next/static/chunks/node_modules_next_dist_compiled_react-dom_058-ah~._.js:6081:21)
    at beginWork (http://localhost:3002/_next/static/chunks/node_modules_next_dist_compiled_react-dom_058-ah~._.js:6665:639)
    at runWithFiberInDEV (http://localhost:3002/_next/static/chunks/node_modules_next_dist_compiled_react-dom_058-ah~._.js:965:74)
    at performUnitOfWork (http://localhost:3002/_next/static/chunks/node_modules_next_dist_compiled_react-dom_058-ah~._.js:9555:97)
    at workLoopSync (http://localhost:3002/_next/static/chunks/node_modules_next_dist_compiled_react-dom_058-ah~._.js:9449:40)
    at renderRootSync (http://localhost:3002/_next/static/chunks/node_modules_next_dist_compiled_react-dom_058-ah~._.js:9433:13)
    at performWorkOnRoot (http://localhost:3002/_next/static/chunks/node_modules_next_dist_compiled_react-dom_058-ah~._.js:9098:47)
    at performSyncWorkOnRoot (http://localhost:3002/_next/static/chunks/node_modules_next_dist_compiled_react-dom_058-ah~._.js:10263:9)
    at flushSyncWorkAcrossRoots_impl (http://localhost:3002/_next/static/chunks/node_modules_next_dist_compiled_react-dom_058-ah~._.js:10179:316)
    at flushSyncWork$1 (http://localhost:3002/_next/static/chunks/node_modules_next_dist_compiled_react-dom_058-ah~._.js:9230:86)
    at Object.scheduleRefresh (http://localhost:3002/_next/static/chunks/node_modules_next_dist_compiled_react-dom_058-ah~._.js:299:13)
    at http://localhost:3002/_next/static/chunks/node_modules_next_dist_compiled_0rpq4pf._.js:391:33
    at Set.forEach (<anonymous>)
    at Object.performReactRefresh (http://localhost:3002/_next/static/chunks/node_modules_next_dist_compiled_0rpq4pf._.js:384:38)
    at applyUpdate (http://localhost:3002/_next/static/chunks/node_modules_next_dist_compiled_0rpq4pf._.js:878:31)
    at http://localhost:3002/_next/static/chunks/node_modules_next_dist_compiled_0rpq4pf._.js:886:13
[42771382ms] [ERROR] Failed to load resource: the server responded with a status of 500 (Internal Server Error) @ http://localhost:3002/projects/rp-20250059/gantt-demo:0
[42772369ms] ReferenceError: recalculateAutoSchedule is not defined
    at prepareTaskCollection (http://localhost:3002/_next/static/chunks/src_09q51.8._.js:5223:28)
    at hydrateProject (http://localhost:3002/_next/static/chunks/src_09q51.8._.js:5009:19)
    at ProjectGantt (http://localhost:3002/_next/static/chunks/src_09q51.8._.js:2848:27)
    at Object.react_stack_bottom_frame (http://localhost:3002/_next/static/chunks/node_modules_next_dist_compiled_react-dom_058-ah~._.js:15037:24)
    at renderWithHooks (http://localhost:3002/_next/static/chunks/node_modules_next_dist_compiled_react-dom_058-ah~._.js:4620:24)
    at updateFunctionComponent (http://localhost:3002/_next/static/chunks/node_modules_next_dist_compiled_react-dom_058-ah~._.js:6081:21)
    at beginWork (http://localhost:3002/_next/static/chunks/node_modules_next_dist_compiled_react-dom_058-ah~._.js:6665:639)
    at runWithFiberInDEV (http://localhost:3002/_next/static/chunks/node_modules_next_dist_compiled_react-dom_058-ah~._.js:965:74)
    at performUnitOfWork (http://localhost:3002/_next/static/chunks/node_modules_next_dist_compiled_react-dom_058-ah~._.js:9555:97)
    at workLoopSync (http://localhost:3002/_next/static/chunks/node_modules_next_dist_compiled_react-dom_058-ah~._.js:9449:40)
    at renderRootSync (http://localhost:3002/_next/static/chunks/node_modules_next_dist_compiled_react-dom_058-ah~._.js:9433:13)
    at performWorkOnRoot (http://localhost:3002/_next/static/chunks/node_modules_next_dist_compiled_react-dom_058-ah~._.js:9098:47)
    at performWorkOnRootViaSchedulerTask (http://localhost:3002/_next/static/chunks/node_modules_next_dist_compiled_react-dom_058-ah~._.js:10255:9)
    at MessagePort.performWorkUntilDeadline (http://localhost:3002/_next/static/chunks/node_modules_next_dist_compiled_0rpq4pf._.js:2647:64)
[42786772ms] [WARNING] [Fast Refresh] performing full reload because your application had an unrecoverable error @ http://localhost:3002/_next/static/chunks/node_modules_next_dist_115brz8._.js:2431
[42787616ms] [ERROR] Failed to load resource: the server responded with a status of 500 (Internal Server Error) @ http://localhost:3002/projects/rp-20250059/gantt-demo:0
[42788445ms] ReferenceError: maxIsoDate is not defined
    at http://localhost:3002/_next/static/chunks/src_09q51.8._.js:5191:25
    at Array.forEach (<anonymous>)
    at http://localhost:3002/_next/static/chunks/src_09q51.8._.js:5184:34
    at Array.forEach (<anonymous>)
    at recalculateAutoSchedule (http://localhost:3002/_next/static/chunks/src_09q51.8._.js:5173:24)
    at prepareTaskCollection (http://localhost:3002/_next/static/chunks/src_09q51.8._.js:5297:28)
    at hydrateProject (http://localhost:3002/_next/static/chunks/src_09q51.8._.js:5009:19)
    at ProjectGantt (http://localhost:3002/_next/static/chunks/src_09q51.8._.js:2848:27)
    at Object.react_stack_bottom_frame (http://localhost:3002/_next/static/chunks/node_modules_next_dist_compiled_react-dom_058-ah~._.js:15037:24)
    at renderWithHooks (http://localhost:3002/_next/static/chunks/node_modules_next_dist_compiled_react-dom_058-ah~._.js:4620:24)
    at updateFunctionComponent (http://localhost:3002/_next/static/chunks/node_modules_next_dist_compiled_react-dom_058-ah~._.js:6081:21)
    at beginWork (http://localhost:3002/_next/static/chunks/node_modules_next_dist_compiled_react-dom_058-ah~._.js:6665:639)
    at runWithFiberInDEV (http://localhost:3002/_next/static/chunks/node_modules_next_dist_compiled_react-dom_058-ah~._.js:965:74)
    at performUnitOfWork (http://localhost:3002/_next/static/chunks/node_modules_next_dist_compiled_react-dom_058-ah~._.js:9555:97)
    at workLoopSync (http://localhost:3002/_next/static/chunks/node_modules_next_dist_compiled_react-dom_058-ah~._.js:9449:40)
    at renderRootSync (http://localhost:3002/_next/static/chunks/node_modules_next_dist_compiled_react-dom_058-ah~._.js:9433:13)
    at performWorkOnRoot (http://localhost:3002/_next/static/chunks/node_modules_next_dist_compiled_react-dom_058-ah~._.js:9098:47)
    at performWorkOnRootViaSchedulerTask (http://localhost:3002/_next/static/chunks/node_modules_next_dist_compiled_react-dom_058-ah~._.js:10255:9)
    at MessagePort.performWorkUntilDeadline (http://localhost:3002/_next/static/chunks/node_modules_next_dist_compiled_0rpq4pf._.js:2647:64)
[42886976ms] [WARNING] [Fast Refresh] performing full reload because your application had an unrecoverable error @ http://localhost:3002/_next/static/chunks/node_modules_next_dist_115brz8._.js:2431
[43198196ms] ReferenceError: getTaskPath is not defined
    at ProjectGantt (http://localhost:3002/_next/static/chunks/src_09q51.8._.js?id=%255Bproject%255D%252Fsrc%252Fcomponents%252Fgantt%252Fproject-gantt.tsx+%255Bapp-client%255D+%2528ecmascript%2529:297:30)
    at Object.react_stack_bottom_frame (http://localhost:3002/_next/static/chunks/node_modules_next_dist_compiled_react-dom_058-ah~._.js:15037:24)
    at renderWithHooks (http://localhost:3002/_next/static/chunks/node_modules_next_dist_compiled_react-dom_058-ah~._.js:4620:24)
    at updateFunctionComponent (http://localhost:3002/_next/static/chunks/node_modules_next_dist_compiled_react-dom_058-ah~._.js:6081:21)
    at beginWork (http://localhost:3002/_next/static/chunks/node_modules_next_dist_compiled_react-dom_058-ah~._.js:6691:24)
    at runWithFiberInDEV (http://localhost:3002/_next/static/chunks/node_modules_next_dist_compiled_react-dom_058-ah~._.js:965:74)
    at performUnitOfWork (http://localhost:3002/_next/static/chunks/node_modules_next_dist_compiled_react-dom_058-ah~._.js:9555:97)
    at workLoopSync (http://localhost:3002/_next/static/chunks/node_modules_next_dist_compiled_react-dom_058-ah~._.js:9449:40)
    at renderRootSync (http://localhost:3002/_next/static/chunks/node_modules_next_dist_compiled_react-dom_058-ah~._.js:9433:13)
    at performWorkOnRoot (http://localhost:3002/_next/static/chunks/node_modules_next_dist_compiled_react-dom_058-ah~._.js:9098:47)
    at performSyncWorkOnRoot (http://localhost:3002/_next/static/chunks/node_modules_next_dist_compiled_react-dom_058-ah~._.js:10263:9)
    at flushSyncWorkAcrossRoots_impl (http://localhost:3002/_next/static/chunks/node_modules_next_dist_compiled_react-dom_058-ah~._.js:10179:316)
    at flushSyncWork$1 (http://localhost:3002/_next/static/chunks/node_modules_next_dist_compiled_react-dom_058-ah~._.js:9230:86)
    at Object.scheduleRefresh (http://localhost:3002/_next/static/chunks/node_modules_next_dist_compiled_react-dom_058-ah~._.js:299:13)
    at http://localhost:3002/_next/static/chunks/node_modules_next_dist_compiled_0rpq4pf._.js:391:33
    at Set.forEach (<anonymous>)
    at Object.performReactRefresh (http://localhost:3002/_next/static/chunks/node_modules_next_dist_compiled_0rpq4pf._.js:384:38)
    at applyUpdate (http://localhost:3002/_next/static/chunks/node_modules_next_dist_compiled_0rpq4pf._.js:878:31)
    at http://localhost:3002/_next/static/chunks/node_modules_next_dist_compiled_0rpq4pf._.js:886:13
[43202492ms] [WARNING] [Fast Refresh] performing full reload because your application had an unrecoverable error @ http://localhost:3002/_next/static/chunks/node_modules_next_dist_115brz8._.js:2431
[43203096ms] ReferenceError: getTaskPath is not defined
    at ProjectGantt (http://localhost:3002/_next/static/chunks/src_09q51.8._.js?id=%255Bproject%255D%252Fsrc%252Fcomponents%252Fgantt%252Fproject-gantt.tsx+%255Bapp-client%255D+%2528ecmascript%2529:297:30)
    at Object.react_stack_bottom_frame (http://localhost:3002/_next/static/chunks/node_modules_next_dist_compiled_react-dom_058-ah~._.js:15037:24)
    at renderWithHooks (http://localhost:3002/_next/static/chunks/node_modules_next_dist_compiled_react-dom_058-ah~._.js:4620:24)
    at updateFunctionComponent (http://localhost:3002/_next/static/chunks/node_modules_next_dist_compiled_react-dom_058-ah~._.js:6081:21)
    at beginWork (http://localhost:3002/_next/static/chunks/node_modules_next_dist_compiled_react-dom_058-ah~._.js:6665:639)
    at runWithFiberInDEV (http://localhost:3002/_next/static/chunks/node_modules_next_dist_compiled_react-dom_058-ah~._.js:965:74)
    at performUnitOfWork (http://localhost:3002/_next/static/chunks/node_modules_next_dist_compiled_react-dom_058-ah~._.js:9555:97)
    at workLoopSync (http://localhost:3002/_next/static/chunks/node_modules_next_dist_compiled_react-dom_058-ah~._.js:9449:40)
    at renderRootSync (http://localhost:3002/_next/static/chunks/node_modules_next_dist_compiled_react-dom_058-ah~._.js:9433:13)
    at performWorkOnRoot (http://localhost:3002/_next/static/chunks/node_modules_next_dist_compiled_react-dom_058-ah~._.js:9098:47)
    at performSyncWorkOnRoot (http://localhost:3002/_next/static/chunks/node_modules_next_dist_compiled_react-dom_058-ah~._.js:10263:9)
    at flushSyncWorkAcrossRoots_impl (http://localhost:3002/_next/static/chunks/node_modules_next_dist_compiled_react-dom_058-ah~._.js:10179:316)
    at flushSyncWork$1 (http://localhost:3002/_next/static/chunks/node_modules_next_dist_compiled_react-dom_058-ah~._.js:9230:86)
    at Object.scheduleRefresh (http://localhost:3002/_next/static/chunks/node_modules_next_dist_compiled_react-dom_058-ah~._.js:299:13)
    at http://localhost:3002/_next/static/chunks/node_modules_next_dist_compiled_0rpq4pf._.js:391:33
    at Set.forEach (<anonymous>)
    at Object.performReactRefresh (http://localhost:3002/_next/static/chunks/node_modules_next_dist_compiled_0rpq4pf._.js:384:38)
    at applyUpdate (http://localhost:3002/_next/static/chunks/node_modules_next_dist_compiled_0rpq4pf._.js:878:31)
    at http://localhost:3002/_next/static/chunks/node_modules_next_dist_compiled_0rpq4pf._.js:886:13
[43203528ms] [ERROR] Failed to load resource: the server responded with a status of 500 (Internal Server Error) @ http://localhost:3002/projects/rp-20250059/gantt-demo:0
[43204510ms] ReferenceError: getTaskPath is not defined
    at ProjectGantt (http://localhost:3002/_next/static/chunks/src_09q51.8._.js:3065:30)
    at Object.react_stack_bottom_frame (http://localhost:3002/_next/static/chunks/node_modules_next_dist_compiled_react-dom_058-ah~._.js:15037:24)
    at renderWithHooks (http://localhost:3002/_next/static/chunks/node_modules_next_dist_compiled_react-dom_058-ah~._.js:4620:24)
    at updateFunctionComponent (http://localhost:3002/_next/static/chunks/node_modules_next_dist_compiled_react-dom_058-ah~._.js:6081:21)
    at beginWork (http://localhost:3002/_next/static/chunks/node_modules_next_dist_compiled_react-dom_058-ah~._.js:6665:639)
    at runWithFiberInDEV (http://localhost:3002/_next/static/chunks/node_modules_next_dist_compiled_react-dom_058-ah~._.js:965:74)
    at performUnitOfWork (http://localhost:3002/_next/static/chunks/node_modules_next_dist_compiled_react-dom_058-ah~._.js:9555:97)
    at workLoopSync (http://localhost:3002/_next/static/chunks/node_modules_next_dist_compiled_react-dom_058-ah~._.js:9449:40)
    at renderRootSync (http://localhost:3002/_next/static/chunks/node_modules_next_dist_compiled_react-dom_058-ah~._.js:9433:13)
    at performWorkOnRoot (http://localhost:3002/_next/static/chunks/node_modules_next_dist_compiled_react-dom_058-ah~._.js:9098:47)
    at performWorkOnRootViaSchedulerTask (http://localhost:3002/_next/static/chunks/node_modules_next_dist_compiled_react-dom_058-ah~._.js:10255:9)
    at MessagePort.performWorkUntilDeadline (http://localhost:3002/_next/static/chunks/node_modules_next_dist_compiled_0rpq4pf._.js:2647:64)
[43211627ms] [WARNING] [Fast Refresh] performing full reload because your application had an unrecoverable error @ http://localhost:3002/_next/static/chunks/node_modules_next_dist_115brz8._.js:2431
[43212181ms] [ERROR] Failed to load resource: the server responded with a status of 500 (Internal Server Error) @ http://localhost:3002/projects/rp-20250059/gantt-demo:0
[43213365ms] ReferenceError: getTaskPath is not defined
    at ProjectGantt (http://localhost:3002/_next/static/chunks/src_09q51.8._.js:3065:30)
    at Object.react_stack_bottom_frame (http://localhost:3002/_next/static/chunks/node_modules_next_dist_compiled_react-dom_058-ah~._.js:15037:24)
    at renderWithHooks (http://localhost:3002/_next/static/chunks/node_modules_next_dist_compiled_react-dom_058-ah~._.js:4620:24)
    at updateFunctionComponent (http://localhost:3002/_next/static/chunks/node_modules_next_dist_compiled_react-dom_058-ah~._.js:6081:21)
    at beginWork (http://localhost:3002/_next/static/chunks/node_modules_next_dist_compiled_react-dom_058-ah~._.js:6665:639)
    at runWithFiberInDEV (http://localhost:3002/_next/static/chunks/node_modules_next_dist_compiled_react-dom_058-ah~._.js:965:74)
    at performUnitOfWork (http://localhost:3002/_next/static/chunks/node_modules_next_dist_compiled_react-dom_058-ah~._.js:9555:97)
    at workLoopSync (http://localhost:3002/_next/static/chunks/node_modules_next_dist_compiled_react-dom_058-ah~._.js:9449:40)
    at renderRootSync (http://localhost:3002/_next/static/chunks/node_modules_next_dist_compiled_react-dom_058-ah~._.js:9433:13)
    at performWorkOnRoot (http://localhost:3002/_next/static/chunks/node_modules_next_dist_compiled_react-dom_058-ah~._.js:9098:47)
    at performWorkOnRootViaSchedulerTask (http://localhost:3002/_next/static/chunks/node_modules_next_dist_compiled_react-dom_058-ah~._.js:10255:9)
    at MessagePort.performWorkUntilDeadline (http://localhost:3002/_next/static/chunks/node_modules_next_dist_compiled_0rpq4pf._.js:2647:64)
[43220258ms] [WARNING] [Fast Refresh] performing full reload because your application had an unrecoverable error @ http://localhost:3002/_next/static/chunks/node_modules_next_dist_115brz8._.js:2431
[43221111ms] [ERROR] Failed to load resource: the server responded with a status of 500 (Internal Server Error) @ http://localhost:3002/projects/rp-20250059/gantt-demo:0
[43221833ms] ReferenceError: getTaskPath is not defined
    at ProjectGantt (http://localhost:3002/_next/static/chunks/src_09q51.8._.js:3065:30)
    at Object.react_stack_bottom_frame (http://localhost:3002/_next/static/chunks/node_modules_next_dist_compiled_react-dom_058-ah~._.js:15037:24)
    at renderWithHooks (http://localhost:3002/_next/static/chunks/node_modules_next_dist_compiled_react-dom_058-ah~._.js:4620:24)
    at updateFunctionComponent (http://localhost:3002/_next/static/chunks/node_modules_next_dist_compiled_react-dom_058-ah~._.js:6081:21)
    at beginWork (http://localhost:3002/_next/static/chunks/node_modules_next_dist_compiled_react-dom_058-ah~._.js:6665:639)
    at runWithFiberInDEV (http://localhost:3002/_next/static/chunks/node_modules_next_dist_compiled_react-dom_058-ah~._.js:965:74)
    at performUnitOfWork (http://localhost:3002/_next/static/chunks/node_modules_next_dist_compiled_react-dom_058-ah~._.js:9555:97)
    at workLoopSync (http://localhost:3002/_next/static/chunks/node_modules_next_dist_compiled_react-dom_058-ah~._.js:9449:40)
    at renderRootSync (http://localhost:3002/_next/static/chunks/node_modules_next_dist_compiled_react-dom_058-ah~._.js:9433:13)
    at performWorkOnRoot (http://localhost:3002/_next/static/chunks/node_modules_next_dist_compiled_react-dom_058-ah~._.js:9098:47)
    at performWorkOnRootViaSchedulerTask (http://localhost:3002/_next/static/chunks/node_modules_next_dist_compiled_react-dom_058-ah~._.js:10255:9)
    at MessagePort.performWorkUntilDeadline (http://localhost:3002/_next/static/chunks/node_modules_next_dist_compiled_0rpq4pf._.js:2647:64)
[43228182ms] [WARNING] [Fast Refresh] performing full reload because your application had an unrecoverable error @ http://localhost:3002/_next/static/chunks/node_modules_next_dist_115brz8._.js:2431
[43228505ms] [ERROR] Failed to load resource: the server responded with a status of 500 (Internal Server Error) @ http://localhost:3002/projects/rp-20250059/gantt-demo:0
[43229584ms] ReferenceError: getTaskPath is not defined
    at ProjectGantt (http://localhost:3002/_next/static/chunks/src_09q51.8._.js:3065:30)
    at Object.react_stack_bottom_frame (http://localhost:3002/_next/static/chunks/node_modules_next_dist_compiled_react-dom_058-ah~._.js:15037:24)
    at renderWithHooks (http://localhost:3002/_next/static/chunks/node_modules_next_dist_compiled_react-dom_058-ah~._.js:4620:24)
    at updateFunctionComponent (http://localhost:3002/_next/static/chunks/node_modules_next_dist_compiled_react-dom_058-ah~._.js:6081:21)
    at beginWork (http://localhost:3002/_next/static/chunks/node_modules_next_dist_compiled_react-dom_058-ah~._.js:6665:639)
    at runWithFiberInDEV (http://localhost:3002/_next/static/chunks/node_modules_next_dist_compiled_react-dom_058-ah~._.js:965:74)
    at performUnitOfWork (http://localhost:3002/_next/static/chunks/node_modules_next_dist_compiled_react-dom_058-ah~._.js:9555:97)
    at workLoopSync (http://localhost:3002/_next/static/chunks/node_modules_next_dist_compiled_react-dom_058-ah~._.js:9449:40)
    at renderRootSync (http://localhost:3002/_next/static/chunks/node_modules_next_dist_compiled_react-dom_058-ah~._.js:9433:13)
    at performWorkOnRoot (http://localhost:3002/_next/static/chunks/node_modules_next_dist_compiled_react-dom_058-ah~._.js:9098:47)
    at performWorkOnRootViaSchedulerTask (http://localhost:3002/_next/static/chunks/node_modules_next_dist_compiled_react-dom_058-ah~._.js:10255:9)
    at MessagePort.performWorkUntilDeadline (http://localhost:3002/_next/static/chunks/node_modules_next_dist_compiled_0rpq4pf._.js:2647:64)
[43236481ms] [WARNING] [Fast Refresh] performing full reload because your application had an unrecoverable error @ http://localhost:3002/_next/static/chunks/node_modules_next_dist_115brz8._.js:2431
